;  LST file generated by mikroListExporter - v.2.0 
; Date/Time: 08/06/2021 13:53:35
;----------------------------------------------

;Address Opcode 	ASM
0x0000	0xF000EFF8  	GOTO        496
_interrupt:
;MyProject.c,46 :: 		void interrupt()
;MyProject.c,48 :: 		if(TMR0IF_bit)                                                            //Houve overflow do Timer0?
0x0008	0xA4F2      	BTFSS       TMR0IF_bit, BitPos(TMR0IF_bit+0) 
0x000A	0xD007      	BRA         L_interrupt0
;MyProject.c,50 :: 		TMR0IF_bit = 0x00;                                                     //Limpa Flag
0x000C	0x94F2      	BCF         TMR0IF_bit, BitPos(TMR0IF_bit+0) 
;MyProject.c,51 :: 		TMR0L      = byteH;                                                    //Reinicia byte menos sifnificativo do Timer0
0x000E	0xFFD6C023  	MOVFF       _byteH, TMR0L
;MyProject.c,52 :: 		TMR0H      = byteL;                                                    //Reinicia byte mais significativo do Timer0
0x0012	0xFFD7C024  	MOVFF       _byteL, TMR0H
;MyProject.c,54 :: 		vel1       = ~vel1;                                                    //Gera clock para velocidade do motor1
0x0016	0x7C8C      	BTG         LATD6_bit, BitPos(LATD6_bit+0) 
;MyProject.c,55 :: 		vel2       = ~vel2;                                                    //Gera clock para velocidade do motor2
0x0018	0x7E8C      	BTG         LATD7_bit, BitPos(LATD7_bit+0) 
;MyProject.c,56 :: 		} //end if TMR0IF
L_interrupt0:
;MyProject.c,57 :: 		} //end interrupt
L_end_interrupt:
L__interrupt12:
0x001A	0x0011      	RETFIE      1
; end of _interrupt
_Delay_1us:
;__Lib_Delays.c,7 :: 		void Delay_1us() {
;__Lib_Delays.c,8 :: 		Delay_us(1);
0x001C	0x0000      	NOP
0x001E	0x0000      	NOP
0x0020	0x0000      	NOP
0x0022	0x0000      	NOP
0x0024	0x0000      	NOP
;__Lib_Delays.c,9 :: 		}
L_end_Delay_1us:
0x0026	0x0012      	RETURN      0
; end of _Delay_1us
_Delay_5500us:
;__Lib_Delays.c,31 :: 		void Delay_5500us() {
;__Lib_Delays.c,32 :: 		Delay_us(5500);
0x0028	0x0E24      	MOVLW       36
0x002A	0x6E0C      	MOVWF       R12, 0
0x002C	0x0EB5      	MOVLW       181
0x002E	0x6E0D      	MOVWF       R13, 0
L_Delay_5500us5:
0x0030	0x2E0D      	DECFSZ      R13, 1, 0
0x0032	0xD7FE      	BRA         L_Delay_5500us5
0x0034	0x2E0C      	DECFSZ      R12, 1, 0
0x0036	0xD7FC      	BRA         L_Delay_5500us5
0x0038	0x0000      	NOP
0x003A	0x0000      	NOP
;__Lib_Delays.c,33 :: 		}
L_end_Delay_5500us:
0x003C	0x0012      	RETURN      0
; end of _Delay_5500us
_Delay_50us:
;__Lib_Delays.c,19 :: 		void Delay_50us() {
;__Lib_Delays.c,20 :: 		Delay_us(50);
0x003E	0x0E53      	MOVLW       83
0x0040	0x6E0D      	MOVWF       R13, 0
L_Delay_50us2:
0x0042	0x2E0D      	DECFSZ      R13, 1, 0
0x0044	0xD7FE      	BRA         L_Delay_50us2
;__Lib_Delays.c,21 :: 		}
L_end_Delay_50us:
0x0046	0x0012      	RETURN      0
; end of _Delay_50us
_Lcd_Cmd:
;__Lib_Lcd.c,18 :: 		
;__Lib_Lcd.c,20 :: 		
0x0048	0xBE2C      	BTFSC       FARG_Lcd_Cmd_out_char, 7 
0x004A	0xD002      	BRA         L__Lcd_Cmd21
0x004C	0x9681      	BCF         LCD_D7, BitPos(LCD_D7+0) 
0x004E	0xD001      	BRA         L__Lcd_Cmd22
L__Lcd_Cmd21:
0x0050	0x8681      	BSF         LCD_D7, BitPos(LCD_D7+0) 
L__Lcd_Cmd22:
;__Lib_Lcd.c,21 :: 		
0x0052	0xBC2C      	BTFSC       FARG_Lcd_Cmd_out_char, 6 
0x0054	0xD002      	BRA         L__Lcd_Cmd23
0x0056	0x9481      	BCF         LCD_D6, BitPos(LCD_D6+0) 
0x0058	0xD001      	BRA         L__Lcd_Cmd24
L__Lcd_Cmd23:
0x005A	0x8481      	BSF         LCD_D6, BitPos(LCD_D6+0) 
L__Lcd_Cmd24:
;__Lib_Lcd.c,22 :: 		
0x005C	0xBA2C      	BTFSC       FARG_Lcd_Cmd_out_char, 5 
0x005E	0xD002      	BRA         L__Lcd_Cmd25
0x0060	0x9281      	BCF         LCD_D5, BitPos(LCD_D5+0) 
0x0062	0xD001      	BRA         L__Lcd_Cmd26
L__Lcd_Cmd25:
0x0064	0x8281      	BSF         LCD_D5, BitPos(LCD_D5+0) 
L__Lcd_Cmd26:
;__Lib_Lcd.c,23 :: 		
0x0066	0xB82C      	BTFSC       FARG_Lcd_Cmd_out_char, 4 
0x0068	0xD002      	BRA         L__Lcd_Cmd27
0x006A	0x9081      	BCF         LCD_D4, BitPos(LCD_D4+0) 
0x006C	0xD001      	BRA         L__Lcd_Cmd28
L__Lcd_Cmd27:
0x006E	0x8081      	BSF         LCD_D4, BitPos(LCD_D4+0) 
L__Lcd_Cmd28:
;__Lib_Lcd.c,25 :: 		
0x0070	0xB025      	BTFSC       __Lib_Lcd_cmd_status, BitPos(__Lib_Lcd_cmd_status+0) 
0x0072	0xD002      	BRA         L__Lcd_Cmd29
0x0074	0x8881      	BSF         LCD_RS, BitPos(LCD_RS+0) 
0x0076	0xD001      	BRA         L__Lcd_Cmd30
L__Lcd_Cmd29:
0x0078	0x9881      	BCF         LCD_RS, BitPos(LCD_RS+0) 
L__Lcd_Cmd30:
;__Lib_Lcd.c,28 :: 		
0x007A	0x8A81      	BSF         LCD_EN, BitPos(LCD_EN+0) 
;__Lib_Lcd.c,29 :: 		
0x007C	0xDFCF      	RCALL       _Delay_1us
;__Lib_Lcd.c,30 :: 		
0x007E	0x9A81      	BCF         LCD_EN, BitPos(LCD_EN+0) 
;__Lib_Lcd.c,33 :: 		
0x0080	0xB62C      	BTFSC       FARG_Lcd_Cmd_out_char, 3 
0x0082	0xD002      	BRA         L__Lcd_Cmd31
0x0084	0x9681      	BCF         LCD_D7, BitPos(LCD_D7+0) 
0x0086	0xD001      	BRA         L__Lcd_Cmd32
L__Lcd_Cmd31:
0x0088	0x8681      	BSF         LCD_D7, BitPos(LCD_D7+0) 
L__Lcd_Cmd32:
;__Lib_Lcd.c,34 :: 		
0x008A	0xB42C      	BTFSC       FARG_Lcd_Cmd_out_char, 2 
0x008C	0xD002      	BRA         L__Lcd_Cmd33
0x008E	0x9481      	BCF         LCD_D6, BitPos(LCD_D6+0) 
0x0090	0xD001      	BRA         L__Lcd_Cmd34
L__Lcd_Cmd33:
0x0092	0x8481      	BSF         LCD_D6, BitPos(LCD_D6+0) 
L__Lcd_Cmd34:
;__Lib_Lcd.c,35 :: 		
0x0094	0xB22C      	BTFSC       FARG_Lcd_Cmd_out_char, 1 
0x0096	0xD002      	BRA         L__Lcd_Cmd35
0x0098	0x9281      	BCF         LCD_D5, BitPos(LCD_D5+0) 
0x009A	0xD001      	BRA         L__Lcd_Cmd36
L__Lcd_Cmd35:
0x009C	0x8281      	BSF         LCD_D5, BitPos(LCD_D5+0) 
L__Lcd_Cmd36:
;__Lib_Lcd.c,36 :: 		
0x009E	0xB02C      	BTFSC       FARG_Lcd_Cmd_out_char, 0 
0x00A0	0xD002      	BRA         L__Lcd_Cmd37
0x00A2	0x9081      	BCF         LCD_D4, BitPos(LCD_D4+0) 
0x00A4	0xD001      	BRA         L__Lcd_Cmd38
L__Lcd_Cmd37:
0x00A6	0x8081      	BSF         LCD_D4, BitPos(LCD_D4+0) 
L__Lcd_Cmd38:
;__Lib_Lcd.c,38 :: 		
0x00A8	0xB025      	BTFSC       __Lib_Lcd_cmd_status, BitPos(__Lib_Lcd_cmd_status+0) 
0x00AA	0xD002      	BRA         L__Lcd_Cmd39
0x00AC	0x8881      	BSF         LCD_RS, BitPos(LCD_RS+0) 
0x00AE	0xD001      	BRA         L__Lcd_Cmd40
L__Lcd_Cmd39:
0x00B0	0x9881      	BCF         LCD_RS, BitPos(LCD_RS+0) 
L__Lcd_Cmd40:
;__Lib_Lcd.c,40 :: 		
0x00B2	0x8A81      	BSF         LCD_EN, BitPos(LCD_EN+0) 
;__Lib_Lcd.c,41 :: 		
0x00B4	0xDFB3      	RCALL       _Delay_1us
;__Lib_Lcd.c,42 :: 		
0x00B6	0x9A81      	BCF         LCD_EN, BitPos(LCD_EN+0) 
;__Lib_Lcd.c,44 :: 		
0x00B8	0xA025      	BTFSS       __Lib_Lcd_cmd_status, BitPos(__Lib_Lcd_cmd_status+0) 
0x00BA	0xD002      	BRA         L_Lcd_Cmd0
;__Lib_Lcd.c,45 :: 		
0x00BC	0xDFB5      	RCALL       _Delay_5500us
0x00BE	0xD001      	BRA         L_Lcd_Cmd1
L_Lcd_Cmd0:
;__Lib_Lcd.c,47 :: 		
0x00C0	0xDFBE      	RCALL       _Delay_50us
L_Lcd_Cmd1:
;__Lib_Lcd.c,48 :: 		
L_end_Lcd_Cmd:
0x00C2	0x0012      	RETURN      0
; end of _Lcd_Cmd
_Lcd_Chr_CP:
;__Lib_Lcd.c,50 :: 		
;__Lib_Lcd.c,52 :: 		
0x00C4	0x9025      	BCF         __Lib_Lcd_cmd_status, BitPos(__Lib_Lcd_cmd_status+0) 
;__Lib_Lcd.c,53 :: 		
0x00C6	0xF02CC02B  	MOVFF       FARG_Lcd_Chr_CP_out_char, FARG_Lcd_Cmd_out_char
0x00CA	0xDFBE      	RCALL       _Lcd_Cmd
;__Lib_Lcd.c,54 :: 		
0x00CC	0x8025      	BSF         __Lib_Lcd_cmd_status, BitPos(__Lib_Lcd_cmd_status+0) 
;__Lib_Lcd.c,55 :: 		
L_end_Lcd_Chr_CP:
0x00CE	0x0012      	RETURN      0
; end of _Lcd_Chr_CP
___CC2DW:
;__Lib_System.c,21 :: 		
;__Lib_System.c,23 :: 		
_CC2DL_Loop1:
;__Lib_System.c,24 :: 		
0x00D0	0x0009      	TBLRD*+
;__Lib_System.c,25 :: 		
0x00D2	0xFFE6CFF5  	MOVFF       TABLAT, POSTINC1
;__Lib_System.c,26 :: 		
0x00D6	0x0600      	DECF        R0, 1, 0
;__Lib_System.c,27 :: 		
0x00D8	0xE1FB      	BNZ         _CC2DL_Loop1
;__Lib_System.c,28 :: 		
0x00DA	0x0601      	DECF        R1, 1, 0
;__Lib_System.c,29 :: 		
0x00DC	0xE1F9      	BNZ         _CC2DL_Loop1
;__Lib_System.c,31 :: 		
L_end___CC2DW:
0x00DE	0x0012      	RETURN      0
; end of ___CC2DW
_Lcd_Init:
;__Lib_Lcd.c,84 :: 		
;__Lib_Lcd.c,86 :: 		
0x00E0	0x9293      	BCF         LCD_EN_Direction, BitPos(LCD_EN_Direction+0) 
;__Lib_Lcd.c,87 :: 		
0x00E2	0x9093      	BCF         LCD_RS_Direction, BitPos(LCD_RS_Direction+0) 
;__Lib_Lcd.c,88 :: 		
0x00E4	0x9493      	BCF         LCD_D4_Direction, BitPos(LCD_D4_Direction+0) 
;__Lib_Lcd.c,89 :: 		
0x00E6	0x9693      	BCF         LCD_D5_Direction, BitPos(LCD_D5_Direction+0) 
;__Lib_Lcd.c,90 :: 		
0x00E8	0x9893      	BCF         LCD_D6_Direction, BitPos(LCD_D6_Direction+0) 
;__Lib_Lcd.c,91 :: 		
0x00EA	0x9A93      	BCF         LCD_D7_Direction, BitPos(LCD_D7_Direction+0) 
;__Lib_Lcd.c,93 :: 		
0x00EC	0x9A81      	BCF         LCD_EN, BitPos(LCD_EN+0) 
;__Lib_Lcd.c,94 :: 		
0x00EE	0x9881      	BCF         LCD_RS, BitPos(LCD_RS+0) 
;__Lib_Lcd.c,95 :: 		
0x00F0	0x9681      	BCF         LCD_D7, BitPos(LCD_D7+0) 
;__Lib_Lcd.c,96 :: 		
0x00F2	0x9481      	BCF         LCD_D6, BitPos(LCD_D6+0) 
;__Lib_Lcd.c,97 :: 		
0x00F4	0x9281      	BCF         LCD_D5, BitPos(LCD_D5+0) 
;__Lib_Lcd.c,98 :: 		
0x00F6	0x9081      	BCF         LCD_D4, BitPos(LCD_D4+0) 
;__Lib_Lcd.c,100 :: 		
0x00F8	0xDF97      	RCALL       _Delay_5500us
;__Lib_Lcd.c,101 :: 		
0x00FA	0xDF96      	RCALL       _Delay_5500us
;__Lib_Lcd.c,102 :: 		
0x00FC	0xDF95      	RCALL       _Delay_5500us
;__Lib_Lcd.c,105 :: 		
0x00FE	0x8281      	BSF         LCD_D5, BitPos(LCD_D5+0) 
;__Lib_Lcd.c,106 :: 		
0x0100	0x8081      	BSF         LCD_D4, BitPos(LCD_D4+0) 
;__Lib_Lcd.c,107 :: 		
0x0102	0x8A81      	BSF         LCD_EN, BitPos(LCD_EN+0) 
;__Lib_Lcd.c,108 :: 		
0x0104	0xDF8B      	RCALL       _Delay_1us
;__Lib_Lcd.c,109 :: 		
0x0106	0x9A81      	BCF         LCD_EN, BitPos(LCD_EN+0) 
;__Lib_Lcd.c,110 :: 		
0x0108	0xDF8F      	RCALL       _Delay_5500us
;__Lib_Lcd.c,112 :: 		
0x010A	0x8A81      	BSF         LCD_EN, BitPos(LCD_EN+0) 
;__Lib_Lcd.c,113 :: 		
0x010C	0xDF87      	RCALL       _Delay_1us
;__Lib_Lcd.c,114 :: 		
0x010E	0x9A81      	BCF         LCD_EN, BitPos(LCD_EN+0) 
;__Lib_Lcd.c,115 :: 		
0x0110	0xDF8B      	RCALL       _Delay_5500us
;__Lib_Lcd.c,117 :: 		
0x0112	0x8A81      	BSF         LCD_EN, BitPos(LCD_EN+0) 
;__Lib_Lcd.c,118 :: 		
0x0114	0xDF83      	RCALL       _Delay_1us
;__Lib_Lcd.c,119 :: 		
0x0116	0x9A81      	BCF         LCD_EN, BitPos(LCD_EN+0) 
;__Lib_Lcd.c,120 :: 		
0x0118	0xDF87      	RCALL       _Delay_5500us
;__Lib_Lcd.c,123 :: 		
0x011A	0x9081      	BCF         LCD_D4, BitPos(LCD_D4+0) 
;__Lib_Lcd.c,124 :: 		
0x011C	0x8A81      	BSF         LCD_EN, BitPos(LCD_EN+0) 
;__Lib_Lcd.c,125 :: 		
0x011E	0xDF7E      	RCALL       _Delay_1us
;__Lib_Lcd.c,126 :: 		
0x0120	0x9A81      	BCF         LCD_EN, BitPos(LCD_EN+0) 
;__Lib_Lcd.c,127 :: 		
0x0122	0xDF82      	RCALL       _Delay_5500us
;__Lib_Lcd.c,130 :: 		
0x0124	0x8A81      	BSF         LCD_EN, BitPos(LCD_EN+0) 
;__Lib_Lcd.c,131 :: 		
0x0126	0xDF7A      	RCALL       _Delay_1us
;__Lib_Lcd.c,132 :: 		
0x0128	0x9A81      	BCF         LCD_EN, BitPos(LCD_EN+0) 
;__Lib_Lcd.c,134 :: 		
0x012A	0x9281      	BCF         LCD_D5, BitPos(LCD_D5+0) 
;__Lib_Lcd.c,135 :: 		
0x012C	0x8681      	BSF         LCD_D7, BitPos(LCD_D7+0) 
;__Lib_Lcd.c,136 :: 		
0x012E	0x8A81      	BSF         LCD_EN, BitPos(LCD_EN+0) 
;__Lib_Lcd.c,137 :: 		
0x0130	0xDF75      	RCALL       _Delay_1us
;__Lib_Lcd.c,138 :: 		
0x0132	0x9A81      	BCF         LCD_EN, BitPos(LCD_EN+0) 
;__Lib_Lcd.c,139 :: 		
0x0134	0xDF79      	RCALL       _Delay_5500us
;__Lib_Lcd.c,142 :: 		
0x0136	0x9681      	BCF         LCD_D7, BitPos(LCD_D7+0) 
;__Lib_Lcd.c,143 :: 		
0x0138	0x8081      	BSF         LCD_D4, BitPos(LCD_D4+0) 
;__Lib_Lcd.c,144 :: 		
0x013A	0x8A81      	BSF         LCD_EN, BitPos(LCD_EN+0) 
;__Lib_Lcd.c,145 :: 		
0x013C	0xDF6F      	RCALL       _Delay_1us
;__Lib_Lcd.c,146 :: 		
0x013E	0x9A81      	BCF         LCD_EN, BitPos(LCD_EN+0) 
;__Lib_Lcd.c,148 :: 		
0x0140	0x9081      	BCF         LCD_D4, BitPos(LCD_D4+0) 
;__Lib_Lcd.c,149 :: 		
0x0142	0x8A81      	BSF         LCD_EN, BitPos(LCD_EN+0) 
;__Lib_Lcd.c,150 :: 		
0x0144	0xDF6B      	RCALL       _Delay_1us
;__Lib_Lcd.c,151 :: 		
0x0146	0x9A81      	BCF         LCD_EN, BitPos(LCD_EN+0) 
;__Lib_Lcd.c,152 :: 		
0x0148	0xDF6F      	RCALL       _Delay_5500us
;__Lib_Lcd.c,155 :: 		
0x014A	0x8A81      	BSF         LCD_EN, BitPos(LCD_EN+0) 
;__Lib_Lcd.c,156 :: 		
0x014C	0xDF67      	RCALL       _Delay_1us
;__Lib_Lcd.c,157 :: 		
0x014E	0x9A81      	BCF         LCD_EN, BitPos(LCD_EN+0) 
;__Lib_Lcd.c,159 :: 		
0x0150	0x8081      	BSF         LCD_D4, BitPos(LCD_D4+0) 
;__Lib_Lcd.c,160 :: 		
0x0152	0x8A81      	BSF         LCD_EN, BitPos(LCD_EN+0) 
;__Lib_Lcd.c,161 :: 		
0x0154	0xDF63      	RCALL       _Delay_1us
;__Lib_Lcd.c,162 :: 		
0x0156	0x9A81      	BCF         LCD_EN, BitPos(LCD_EN+0) 
;__Lib_Lcd.c,163 :: 		
0x0158	0xDF67      	RCALL       _Delay_5500us
;__Lib_Lcd.c,166 :: 		
0x015A	0x9081      	BCF         LCD_D4, BitPos(LCD_D4+0) 
;__Lib_Lcd.c,167 :: 		
0x015C	0x8A81      	BSF         LCD_EN, BitPos(LCD_EN+0) 
;__Lib_Lcd.c,168 :: 		
0x015E	0xDF5E      	RCALL       _Delay_1us
;__Lib_Lcd.c,169 :: 		
0x0160	0x9A81      	BCF         LCD_EN, BitPos(LCD_EN+0) 
;__Lib_Lcd.c,171 :: 		
0x0162	0x8681      	BSF         LCD_D7, BitPos(LCD_D7+0) 
;__Lib_Lcd.c,172 :: 		
0x0164	0x8481      	BSF         LCD_D6, BitPos(LCD_D6+0) 
;__Lib_Lcd.c,173 :: 		
0x0166	0x8281      	BSF         LCD_D5, BitPos(LCD_D5+0) 
;__Lib_Lcd.c,174 :: 		
0x0168	0x8081      	BSF         LCD_D4, BitPos(LCD_D4+0) 
;__Lib_Lcd.c,175 :: 		
0x016A	0x8A81      	BSF         LCD_EN, BitPos(LCD_EN+0) 
;__Lib_Lcd.c,176 :: 		
0x016C	0xDF57      	RCALL       _Delay_1us
;__Lib_Lcd.c,177 :: 		
0x016E	0x9A81      	BCF         LCD_EN, BitPos(LCD_EN+0) 
;__Lib_Lcd.c,179 :: 		
0x0170	0xDF5B      	RCALL       _Delay_5500us
;__Lib_Lcd.c,181 :: 		
0x0172	0x8025      	BSF         __Lib_Lcd_cmd_status, BitPos(__Lib_Lcd_cmd_status+0) 
;__Lib_Lcd.c,182 :: 		
L_end_Lcd_Init:
0x0174	0x0012      	RETURN      0
; end of _Lcd_Init
_Lcd_Out:
;__Lib_Lcd.c,184 :: 		
;__Lib_Lcd.c,187 :: 		
0x0176	0xD00F      	BRA         L_Lcd_Out11
;__Lib_Lcd.c,188 :: 		
L_Lcd_Out13:
0x0178	0x0E80      	MOVLW       128
0x017A	0x6E26      	MOVWF       FARG_Lcd_Out_row 
0x017C	0xD019      	BRA         L_Lcd_Out12
;__Lib_Lcd.c,189 :: 		
L_Lcd_Out14:
0x017E	0x0EC0      	MOVLW       192
0x0180	0x6E26      	MOVWF       FARG_Lcd_Out_row 
0x0182	0xD016      	BRA         L_Lcd_Out12
;__Lib_Lcd.c,190 :: 		
L_Lcd_Out15:
0x0184	0x0E94      	MOVLW       148
0x0186	0x6E26      	MOVWF       FARG_Lcd_Out_row 
0x0188	0xD013      	BRA         L_Lcd_Out12
;__Lib_Lcd.c,191 :: 		
L_Lcd_Out16:
0x018A	0x0ED4      	MOVLW       212
0x018C	0x6E26      	MOVWF       FARG_Lcd_Out_row 
0x018E	0xD010      	BRA         L_Lcd_Out12
;__Lib_Lcd.c,192 :: 		
L_Lcd_Out17:
0x0190	0x0E80      	MOVLW       128
0x0192	0x6E26      	MOVWF       FARG_Lcd_Out_row 
;__Lib_Lcd.c,193 :: 		
0x0194	0xD00D      	BRA         L_Lcd_Out12
L_Lcd_Out11:
0x0196	0x5026      	MOVF        FARG_Lcd_Out_row, 0 
0x0198	0x0A01      	XORLW       1
0x019A	0xE0EE      	BZ          L_Lcd_Out13
0x019C	0x5026      	MOVF        FARG_Lcd_Out_row, 0 
0x019E	0x0A02      	XORLW       2
0x01A0	0xE0EE      	BZ          L_Lcd_Out14
0x01A2	0x5026      	MOVF        FARG_Lcd_Out_row, 0 
0x01A4	0x0A03      	XORLW       3
0x01A6	0xE0EE      	BZ          L_Lcd_Out15
0x01A8	0x5026      	MOVF        FARG_Lcd_Out_row, 0 
0x01AA	0x0A04      	XORLW       4
0x01AC	0xE0EE      	BZ          L_Lcd_Out16
0x01AE	0xD7F0      	BRA         L_Lcd_Out17
L_Lcd_Out12:
;__Lib_Lcd.c,194 :: 		
0x01B0	0x0427      	DECF        FARG_Lcd_Out_column, 0 
0x01B2	0x6E00      	MOVWF       R0 
0x01B4	0x5026      	MOVF        FARG_Lcd_Out_row, 0 
0x01B6	0x2600      	ADDWF       R0, 1 
0x01B8	0xF026C000  	MOVFF       R0, FARG_Lcd_Out_row
;__Lib_Lcd.c,196 :: 		
0x01BC	0xF02CC000  	MOVFF       R0, FARG_Lcd_Cmd_out_char
0x01C0	0xDF43      	RCALL       _Lcd_Cmd
;__Lib_Lcd.c,197 :: 		
0x01C2	0x9025      	BCF         __Lib_Lcd_cmd_status, BitPos(__Lib_Lcd_cmd_status+0) 
;__Lib_Lcd.c,198 :: 		
0x01C4	0x6A2A      	CLRF        Lcd_Out_i_L0 
;__Lib_Lcd.c,199 :: 		
L_Lcd_Out18:
0x01C6	0x502A      	MOVF        Lcd_Out_i_L0, 0 
0x01C8	0x2428      	ADDWF       FARG_Lcd_Out_text, 0 
0x01CA	0x6EE9      	MOVWF       FSR0L 
0x01CC	0x0E00      	MOVLW       0
0x01CE	0x2029      	ADDWFC      FARG_Lcd_Out_text+1, 0 
0x01D0	0x6EEA      	MOVWF       FSR0L+1 
0x01D2	0x52EE      	MOVF        POSTINC0, 1 
0x01D4	0xE00B      	BZ          L_Lcd_Out19
;__Lib_Lcd.c,200 :: 		
0x01D6	0x502A      	MOVF        Lcd_Out_i_L0, 0 
0x01D8	0x2428      	ADDWF       FARG_Lcd_Out_text, 0 
0x01DA	0x6EE9      	MOVWF       FSR0L 
0x01DC	0x0E00      	MOVLW       0
0x01DE	0x2029      	ADDWFC      FARG_Lcd_Out_text+1, 0 
0x01E0	0x6EEA      	MOVWF       FSR0L+1 
0x01E2	0xF02BCFEE  	MOVFF       POSTINC0, FARG_Lcd_Chr_CP_out_char
0x01E6	0xDF6E      	RCALL       _Lcd_Chr_CP
0x01E8	0x2A2A      	INCF        Lcd_Out_i_L0, 1 
0x01EA	0xD7ED      	BRA         L_Lcd_Out18
L_Lcd_Out19:
;__Lib_Lcd.c,201 :: 		
0x01EC	0x8025      	BSF         __Lib_Lcd_cmd_status, BitPos(__Lib_Lcd_cmd_status+0) 
;__Lib_Lcd.c,202 :: 		
L_end_Lcd_Out:
0x01EE	0x0012      	RETURN      0
; end of _Lcd_Out
_main:
0x01F0	0xF001EC94  	CALL        808, 0
;MyProject.c,61 :: 		void main()
;MyProject.c,64 :: 		INTCON        = 0xA0;                                                      //Habilita interrupção global e interrupção do Timer0
0x01F4	0x0EA0      	MOVLW       160
0x01F6	0x6EF2      	MOVWF       INTCON 
;MyProject.c,68 :: 		TMR0ON_bit       = 0x01;                                                   //bit 7: liga o Timer0
0x01F8	0x8ED5      	BSF         TMR0ON_bit, BitPos(TMR0ON_bit+0) 
;MyProject.c,69 :: 		T08BIT_bit       = 0x00;                                                   //bit 6: habilita o modo de 16 bits para o Timer0
0x01FA	0x9CD5      	BCF         T08BIT_bit, BitPos(T08BIT_bit+0) 
;MyProject.c,70 :: 		T0CS_bit         = 0x00;                                                   //bit 5: timer0 incrementa com o ciclo de máquina
0x01FC	0x9AD5      	BCF         T0CS_bit, BitPos(T0CS_bit+0) 
;MyProject.c,71 :: 		PSA_bit          = 0x01;                                                   //bit 3: timer0 sem prescaler (1:1)
0x01FE	0x86D5      	BSF         PSA_bit, BitPos(PSA_bit+0) 
;MyProject.c,77 :: 		TMR0L    = 0x48;                                                           //byte menos significativo      0x48
0x0200	0x0E48      	MOVLW       72
0x0202	0x6ED6      	MOVWF       TMR0L 
;MyProject.c,78 :: 		TMR0H    = 0x77;                                                           //byte mais significativo       0x77
0x0204	0x0E77      	MOVLW       119
0x0206	0x6ED7      	MOVWF       TMR0H 
;MyProject.c,93 :: 		TRISB   = 0xC0;                                                            //Configura IOs no PORTB
0x0208	0x0EC0      	MOVLW       192
0x020A	0x6E93      	MOVWF       TRISB 
;MyProject.c,94 :: 		PORTB   = 0xC0;                                                            //Inicializa PORTB
0x020C	0x0EC0      	MOVLW       192
0x020E	0x6E81      	MOVWF       PORTB 
;MyProject.c,95 :: 		TRISD   = 0x3C;                                                            //Configura IOs no PORTD
0x0210	0x0E3C      	MOVLW       60
0x0212	0x6E95      	MOVWF       TRISD 
;MyProject.c,96 :: 		PORTD   = 0x3C;                                                            //Inicializa PORTD
0x0214	0x0E3C      	MOVLW       60
0x0216	0x6E83      	MOVWF       PORTD 
;MyProject.c,97 :: 		ADCON1  = 0x0F;                                                            //Configura os pinos do PORTB como digitais
0x0218	0x0E0F      	MOVLW       15
0x021A	0x6EC1      	MOVWF       ADCON1 
;MyProject.c,99 :: 		byteH  = 0xB4;                                                            //130Hz
0x021C	0x0EB4      	MOVLW       180
0x021E	0x6E23      	MOVWF       _byteH 
;MyProject.c,100 :: 		byteL  = 0xE1;
0x0220	0x0EE1      	MOVLW       225
0x0222	0x6E24      	MOVWF       _byteL 
;MyProject.c,116 :: 		dir1 = 0x01;                                                              //Define o bit de direção inicial
0x0224	0x808C      	BSF         LATD0_bit, BitPos(LATD0_bit+0) 
;MyProject.c,117 :: 		dir2 = 0x00;                                                              //Define o bit de direção inicial
0x0226	0x928C      	BCF         LATD1_bit, BitPos(LATD1_bit+0) 
;MyProject.c,119 :: 		Lcd_Init();
0x0228	0xDF5B      	RCALL       _Lcd_Init
;MyProject.c,120 :: 		Lcd_Cmd(_LCD_CLEAR);
0x022A	0x0E01      	MOVLW       1
0x022C	0x6E2C      	MOVWF       FARG_Lcd_Cmd_out_char 
0x022E	0xDF0C      	RCALL       _Lcd_Cmd
;MyProject.c,121 :: 		Lcd_Cmd(_LCD_CURSOR_OFF);
0x0230	0x0E0C      	MOVLW       12
0x0232	0x6E2C      	MOVWF       FARG_Lcd_Cmd_out_char 
0x0234	0xDF09      	RCALL       _Lcd_Cmd
;MyProject.c,123 :: 		Lcd_Out(1,1,"TESTE Display");
0x0236	0x0E01      	MOVLW       1
0x0238	0x6E26      	MOVWF       FARG_Lcd_Out_row 
0x023A	0x0E01      	MOVLW       1
0x023C	0x6E27      	MOVWF       FARG_Lcd_Out_column 
0x023E	0x0E15      	MOVLW       ?lstr1_MyProject
0x0240	0x6E28      	MOVWF       FARG_Lcd_Out_text 
0x0242	0x0E00      	MOVLW       hi_addr(?lstr1_MyProject)
0x0244	0x6E29      	MOVWF       FARG_Lcd_Out_text+1 
0x0246	0xDF97      	RCALL       _Lcd_Out
;MyProject.c,125 :: 		while(1)
L_main1:
;MyProject.c,128 :: 		if(sens1)                                                                 //Sensor da Direita
0x0248	0xA483      	BTFSS       RD2_bit, BitPos(RD2_bit+0) 
0x024A	0xD031      	BRA         L_main3
;MyProject.c,130 :: 		TMR0ON_bit = 0x00;
0x024C	0x9ED5      	BCF         TMR0ON_bit, BitPos(TMR0ON_bit+0) 
;MyProject.c,131 :: 		vel1 = 0x00;
0x024E	0x9C8C      	BCF         LATD6_bit, BitPos(LATD6_bit+0) 
;MyProject.c,132 :: 		vel2 = 0x00;
0x0250	0x9E8C      	BCF         LATD7_bit, BitPos(LATD7_bit+0) 
;MyProject.c,133 :: 		delay_ms(1200);                                                          //Robo STOP
0x0252	0x0E1F      	MOVLW       31
0x0254	0x6E0B      	MOVWF       R11, 0
0x0256	0x0E71      	MOVLW       113
0x0258	0x6E0C      	MOVWF       R12, 0
0x025A	0x0E1E      	MOVLW       30
0x025C	0x6E0D      	MOVWF       R13, 0
L_main4:
0x025E	0x2E0D      	DECFSZ      R13, 1, 0
0x0260	0xD7FE      	BRA         L_main4
0x0262	0x2E0C      	DECFSZ      R12, 1, 0
0x0264	0xD7FC      	BRA         L_main4
0x0266	0x2E0B      	DECFSZ      R11, 1, 0
0x0268	0xD7FA      	BRA         L_main4
0x026A	0x0000      	NOP
;MyProject.c,134 :: 		dir1 = 0x01;
0x026C	0x808C      	BSF         LATD0_bit, BitPos(LATD0_bit+0) 
;MyProject.c,135 :: 		dir2 = 0x00;
0x026E	0x928C      	BCF         LATD1_bit, BitPos(LATD1_bit+0) 
;MyProject.c,136 :: 		TMR0ON_bit = 0x01;
0x0270	0x8ED5      	BSF         TMR0ON_bit, BitPos(TMR0ON_bit+0) 
;MyProject.c,137 :: 		delay_ms(1500);                                                          //Robo anda para trás
0x0272	0x0E27      	MOVLW       39
0x0274	0x6E0B      	MOVWF       R11, 0
0x0276	0x0E0D      	MOVLW       13
0x0278	0x6E0C      	MOVWF       R12, 0
0x027A	0x0E26      	MOVLW       38
0x027C	0x6E0D      	MOVWF       R13, 0
L_main5:
0x027E	0x2E0D      	DECFSZ      R13, 1, 0
0x0280	0xD7FE      	BRA         L_main5
0x0282	0x2E0C      	DECFSZ      R12, 1, 0
0x0284	0xD7FC      	BRA         L_main5
0x0286	0x2E0B      	DECFSZ      R11, 1, 0
0x0288	0xD7FA      	BRA         L_main5
0x028A	0x0000      	NOP
;MyProject.c,138 :: 		dir1 = 0x00;
0x028C	0x908C      	BCF         LATD0_bit, BitPos(LATD0_bit+0) 
;MyProject.c,139 :: 		dir2 = 0x01;
0x028E	0x828C      	BSF         LATD1_bit, BitPos(LATD1_bit+0) 
;MyProject.c,140 :: 		delay_ms (3800);                                                         //Desvio Robo
0x0290	0x0E61      	MOVLW       97
0x0292	0x6E0B      	MOVWF       R11, 0
0x0294	0x0E64      	MOVLW       100
0x0296	0x6E0C      	MOVWF       R12, 0
0x0298	0x0E10      	MOVLW       16
0x029A	0x6E0D      	MOVWF       R13, 0
L_main6:
0x029C	0x2E0D      	DECFSZ      R13, 1, 0
0x029E	0xD7FE      	BRA         L_main6
0x02A0	0x2E0C      	DECFSZ      R12, 1, 0
0x02A2	0xD7FC      	BRA         L_main6
0x02A4	0x2E0B      	DECFSZ      R11, 1, 0
0x02A6	0xD7FA      	BRA         L_main6
0x02A8	0x0000      	NOP
;MyProject.c,141 :: 		dir1 = 0x01;
0x02AA	0x808C      	BSF         LATD0_bit, BitPos(LATD0_bit+0) 
;MyProject.c,142 :: 		dir2 = 0x00;
0x02AC	0x928C      	BCF         LATD1_bit, BitPos(LATD1_bit+0) 
;MyProject.c,143 :: 		} //end if sens1
L_main3:
;MyProject.c,145 :: 		if (sens2)                                                                //Sensore da Esquerda
0x02AE	0xA683      	BTFSS       RD3_bit, BitPos(RD3_bit+0) 
0x02B0	0xD031      	BRA         L_main7
;MyProject.c,147 :: 		TMR0ON_bit = 0x00;
0x02B2	0x9ED5      	BCF         TMR0ON_bit, BitPos(TMR0ON_bit+0) 
;MyProject.c,148 :: 		vel1 = 0x00;
0x02B4	0x9C8C      	BCF         LATD6_bit, BitPos(LATD6_bit+0) 
;MyProject.c,149 :: 		vel2 = 0x00;
0x02B6	0x9E8C      	BCF         LATD7_bit, BitPos(LATD7_bit+0) 
;MyProject.c,150 :: 		delay_ms(1000);                                                          //Robo STOP
0x02B8	0x0E1A      	MOVLW       26
0x02BA	0x6E0B      	MOVWF       R11, 0
0x02BC	0x0E5E      	MOVLW       94
0x02BE	0x6E0C      	MOVWF       R12, 0
0x02C0	0x0E6E      	MOVLW       110
0x02C2	0x6E0D      	MOVWF       R13, 0
L_main8:
0x02C4	0x2E0D      	DECFSZ      R13, 1, 0
0x02C6	0xD7FE      	BRA         L_main8
0x02C8	0x2E0C      	DECFSZ      R12, 1, 0
0x02CA	0xD7FC      	BRA         L_main8
0x02CC	0x2E0B      	DECFSZ      R11, 1, 0
0x02CE	0xD7FA      	BRA         L_main8
0x02D0	0x0000      	NOP
;MyProject.c,151 :: 		dir1 = 0x01;
0x02D2	0x808C      	BSF         LATD0_bit, BitPos(LATD0_bit+0) 
;MyProject.c,152 :: 		dir2 = 0x00;
0x02D4	0x928C      	BCF         LATD1_bit, BitPos(LATD1_bit+0) 
;MyProject.c,153 :: 		TMR0ON_bit = 0x01;
0x02D6	0x8ED5      	BSF         TMR0ON_bit, BitPos(TMR0ON_bit+0) 
;MyProject.c,154 :: 		delay_ms(1500);                                                          //Robo anda para trás
0x02D8	0x0E27      	MOVLW       39
0x02DA	0x6E0B      	MOVWF       R11, 0
0x02DC	0x0E0D      	MOVLW       13
0x02DE	0x6E0C      	MOVWF       R12, 0
0x02E0	0x0E26      	MOVLW       38
0x02E2	0x6E0D      	MOVWF       R13, 0
L_main9:
0x02E4	0x2E0D      	DECFSZ      R13, 1, 0
0x02E6	0xD7FE      	BRA         L_main9
0x02E8	0x2E0C      	DECFSZ      R12, 1, 0
0x02EA	0xD7FC      	BRA         L_main9
0x02EC	0x2E0B      	DECFSZ      R11, 1, 0
0x02EE	0xD7FA      	BRA         L_main9
0x02F0	0x0000      	NOP
;MyProject.c,155 :: 		dir1 = 0x00;
0x02F2	0x908C      	BCF         LATD0_bit, BitPos(LATD0_bit+0) 
;MyProject.c,156 :: 		dir2 = 0x01;
0x02F4	0x828C      	BSF         LATD1_bit, BitPos(LATD1_bit+0) 
;MyProject.c,157 :: 		delay_ms (3800);                                                         //Desvio Robo
0x02F6	0x0E61      	MOVLW       97
0x02F8	0x6E0B      	MOVWF       R11, 0
0x02FA	0x0E64      	MOVLW       100
0x02FC	0x6E0C      	MOVWF       R12, 0
0x02FE	0x0E10      	MOVLW       16
0x0300	0x6E0D      	MOVWF       R13, 0
L_main10:
0x0302	0x2E0D      	DECFSZ      R13, 1, 0
0x0304	0xD7FE      	BRA         L_main10
0x0306	0x2E0C      	DECFSZ      R12, 1, 0
0x0308	0xD7FC      	BRA         L_main10
0x030A	0x2E0B      	DECFSZ      R11, 1, 0
0x030C	0xD7FA      	BRA         L_main10
0x030E	0x0000      	NOP
;MyProject.c,158 :: 		dir1 = 0x00;
0x0310	0x908C      	BCF         LATD0_bit, BitPos(LATD0_bit+0) 
;MyProject.c,159 :: 		dir2 = 0x01;
0x0312	0x828C      	BSF         LATD1_bit, BitPos(LATD1_bit+0) 
;MyProject.c,160 :: 		} //end if sens2
L_main7:
;MyProject.c,162 :: 		} //end while
0x0314	0xD799      	BRA         L_main1
;MyProject.c,163 :: 		} //end main
L_end_main:
0x0316	0xD7FF      	BRA         $+0
; end of _main
0x0328	0xF015EE10  	LFSR        1, 21
0x032C	0x0E10      	MOVLW       16
0x032E	0x6E00      	MOVWF       R0 
0x0330	0x0E01      	MOVLW       1
0x0332	0x6E01      	MOVWF       R1 
0x0334	0x0E18      	MOVLW       24
0x0336	0x6EF6      	MOVWF       4086 
0x0338	0x0E03      	MOVLW       3
0x033A	0x6EF7      	MOVWF       TBLPTRH 
0x033C	0x0E00      	MOVLW       0
0x033E	0x6EF8      	MOVWF       TBLPTRU 
0x0340	0xF000EC68  	CALL        208, 0
0x0344	0x0012      	RETURN      0
;MyProject.c,0 :: ?ICS?lstr1_MyProject
0x0318	0x4554 ;?ICS?lstr1_MyProject+0
0x031A	0x5453 ;?ICS?lstr1_MyProject+2
0x031C	0x2045 ;?ICS?lstr1_MyProject+4
0x031E	0x6944 ;?ICS?lstr1_MyProject+6
0x0320	0x7073 ;?ICS?lstr1_MyProject+8
0x0322	0x616C ;?ICS?lstr1_MyProject+10
0x0324	0x0079 ;?ICS?lstr1_MyProject+12
; end of ?ICS?lstr1_MyProject
;MyProject.c,0 :: ?ICS_byteH
0x0326	0x77 ;?ICS_byteH+0
; end of ?ICS_byteH
;MyProject.c,0 :: ?ICS_byteL
0x0327	0x48 ;?ICS_byteL+0
; end of ?ICS_byteL
Symbol List:
//** Routines locations **
//ADDRESS    SIZE    PROCEDURE
//----------------------------------------------
0x0008      [20]    _interrupt
0x001C      [12]    _Delay_1us
0x0028      [22]    _Delay_5500us
0x003E      [10]    _Delay_50us
0x0048     [124]    _Lcd_Cmd
0x00C4      [12]    _Lcd_Chr_CP
0x00D0      [16]    ___CC2DW
0x00E0     [150]    _Lcd_Init
0x0176     [122]    _Lcd_Out
0x01F0     [296]    _main
//** Variables locations ** 
//ADDRESS    SIZE    VARIABLE
//----------------------------------------------
0x0000       [1]    R0
0x0001       [1]    R1
0x0002       [1]    R2
0x0003       [1]    R3
0x0004       [1]    R4
0x0005       [1]    R5
0x0006       [1]    R6
0x0007       [1]    R7
0x0008       [1]    R8
0x0009       [1]    R9
0x000A       [1]    R10
0x000B       [1]    R11
0x000C       [1]    R12
0x000D       [1]    R13
0x000E       [1]    R14
0x000F       [1]    R15
0x0010       [1]    R16
0x0011       [1]    R17
0x0012       [1]    R18
0x0013       [1]    R19
0x0014       [1]    R20
0x0015      [14]    ?lstr1_MyProject
0x0023       [1]    _byteH
0x0024       [1]    _byteL
0x0025       [0]    __Lib_Lcd_cmd_status
0x0026       [1]    FARG_Lcd_Out_row
0x0027       [1]    FARG_Lcd_Out_column
0x0028       [2]    FARG_Lcd_Out_text
0x002A       [1]    Lcd_Out_i_L0
0x002B       [1]    FARG_Lcd_Chr_CP_out_char
0x002C       [1]    FARG_Lcd_Cmd_out_char
0x0F81       [0]    LCD_RS
0x0F81       [0]    LCD_EN
0x0F81       [0]    RB3_bit
0x0F81       [0]    RB4_bit
0x0F81       [0]    RB5_bit
0x0F81       [0]    LCD_D4
0x0F81       [0]    LCD_D7
0x0F81       [0]    LCD_D6
0x0F81       [0]    LCD_D5
0x0F81       [1]    PORTB
0x0F81       [0]    RB1_bit
0x0F81       [0]    RB2_bit
0x0F81       [0]    RB0_bit
0x0F83       [0]    RD3_bit
0x0F83       [1]    PORTD
0x0F83       [0]    RD2_bit
0x0F8C       [0]    LATD1_bit
0x0F8C       [0]    LATD6_bit
0x0F8C       [0]    LATD7_bit
0x0F8C       [0]    LATD0_bit
0x0F93       [0]    TRISB5_bit
0x0F93       [0]    TRISB1_bit
0x0F93       [0]    TRISB0_bit
0x0F93       [0]    TRISB2_bit
0x0F93       [0]    TRISB4_bit
0x0F93       [0]    TRISB3_bit
0x0F93       [0]    LCD_D4_Direction
0x0F93       [0]    LCD_D6_Direction
0x0F93       [0]    LCD_D5_Direction
0x0F93       [0]    LCD_RS_Direction
0x0F93       [0]    LCD_EN_Direction
0x0F93       [0]    LCD_D7_Direction
0x0F93       [1]    TRISB
0x0F95       [1]    TRISD
0x0FC1       [1]    ADCON1
0x0FD5       [0]    T08BIT_bit
0x0FD5       [0]    T0CS_bit
0x0FD5       [0]    TMR0ON_bit
0x0FD5       [0]    PSA_bit
0x0FD6       [1]    TMR0L
0x0FD7       [1]    TMR0H
0x0FD8       [1]    STATUS
0x0FD9       [1]    FSR2L
0x0FDA       [1]    FSR2H
0x0FDE       [1]    POSTINC2
0x0FE0       [1]    BSR
0x0FE1       [1]    FSR1L
0x0FE2       [1]    FSR1H
0x0FE4       [1]    PREINC1
0x0FE6       [1]    POSTINC1
0x0FE7       [1]    INDF1
0x0FE8       [1]    WREG
0x0FE9       [1]    FSR0L
0x0FEA       [1]    FSR0H
0x0FEE       [1]    POSTINC0
0x0FF2       [1]    INTCON
0x0FF2       [0]    TMR0IF_bit
0x0FF3       [1]    PRODL
0x0FF4       [1]    PRODH
0x0FF5       [1]    TABLAT
0x0FF6       [1]    TBLPTRL
0x0FF7       [1]    TBLPTRH
0x0FF8       [1]    TBLPTRU
//** Constants locations ** 
//ADDRESS    SIZE    CONSTANT
//----------------------------------------------
0x0318      [14]    ?ICS?lstr1_MyProject
0x0326       [1]    ?ICS_byteH
0x0327       [1]    ?ICS_byteL
