;  LST file generated by mikroListExporter - v.2.0 
; Date/Time: 10/05/2021 22:14:57
;----------------------------------------------

;Address Opcode 	ASM
0x0000	0x2BBC      	GOTO       956
_interrupt:
0x0004	0x00DF      	MOVWF      R15
0x0005	0x0E03      	SWAPF      STATUS, 0
0x0006	0x0183      	CLRF       STATUS
0x0007	0x00BD      	MOVWF      ___saveSTATUS
0x0008	0x080A      	MOVF       PCLATH, 0
0x0009	0x00BC      	MOVWF      ___savePCLATH
0x000A	0x018A      	CLRF       PCLATH
0x000B	0x0850      	MOVF       R0, 0
0x000C	0x00A1      	MOVWF      33
;Ultrassonic_System.c,75 :: 		void interrupt()
;Ultrassonic_System.c,79 :: 		if(INTF_bit)                                //houve interrupção externa?
0x000D	0x1C8B      	BTFSS      INTF_bit, BitPos(INTF_bit+0)
0x000E	0x2824      	GOTO       L_interrupt0
;Ultrassonic_System.c,81 :: 		INTF_bit = 0x00;                         //limpa a flag
0x000F	0x1283      	BCF        STATUS, 5
0x0010	0x108B      	BCF        INTF_bit, BitPos(INTF_bit+0)
;Ultrassonic_System.c,83 :: 		if(!TMR1ON_bit)                          //timer1 desligado?
0x0011	0x1810      	BTFSC      TMR1ON_bit, BitPos(TMR1ON_bit+0)
0x0012	0x2817      	GOTO       L_interrupt1
;Ultrassonic_System.c,85 :: 		TMR1ON_bit = 0x01;                    //liga timer1
0x0013	0x1410      	BSF        TMR1ON_bit, BitPos(TMR1ON_bit+0)
;Ultrassonic_System.c,86 :: 		INTEDG_bit = 0x00;                    //configura int externa para borda de descida
0x0014	0x1683      	BSF        STATUS, 5
0x0015	0x1301      	BCF        INTEDG_bit, BitPos(INTEDG_bit+0)
;Ultrassonic_System.c,88 :: 		} //end if TMR1ON_bit
0x0016	0x2824      	GOTO       L_interrupt2
L_interrupt1:
;Ultrassonic_System.c,92 :: 		TMR1ON_bit = 0x00;                    //desliga timer1
0x0017	0x1283      	BCF        STATUS, 5
0x0018	0x1010      	BCF        TMR1ON_bit, BitPos(TMR1ON_bit+0)
;Ultrassonic_System.c,93 :: 		pulseEcho = (TMR1H << 8) + TMR1L;     //salva largura do pulso em µs
0x0019	0x080F      	MOVF       TMR1H, 0
0x001A	0x00A5      	MOVWF      _pulseEcho+1
0x001B	0x01A4      	CLRF       _pulseEcho
0x001C	0x080E      	MOVF       TMR1L, 0
0x001D	0x07A4      	ADDWF      _pulseEcho, 1
0x001E	0x1803      	BTFSC      STATUS, 0
0x001F	0x0AA5      	INCF       _pulseEcho+1, 1
;Ultrassonic_System.c,94 :: 		TMR1H  = 0x00;                        //reinicia TMR1H
0x0020	0x018F      	CLRF       TMR1H
;Ultrassonic_System.c,95 :: 		TMR1L  = 0x00;                        //reinicia TMR1L
0x0021	0x018E      	CLRF       TMR1L
;Ultrassonic_System.c,96 :: 		INTEDG_bit = 0x01;                    //configura int externa para borda de subida
0x0022	0x1683      	BSF        STATUS, 5
0x0023	0x1701      	BSF        INTEDG_bit, BitPos(INTEDG_bit+0)
;Ultrassonic_System.c,98 :: 		} //end else TMR1ON_bit
L_interrupt2:
;Ultrassonic_System.c,100 :: 		} //end INTF_bit
L_interrupt0:
;Ultrassonic_System.c,105 :: 		if(T0IF_bit)                                //houve interrupção do timer0?
0x0024	0x1D0B      	BTFSS      T0IF_bit, BitPos(T0IF_bit+0)
0x0025	0x2835      	GOTO       L_interrupt3
;Ultrassonic_System.c,107 :: 		T0IF_bit = 0x00;                         //limpa a flag
0x0026	0x110B      	BCF        T0IF_bit, BitPos(T0IF_bit+0)
;Ultrassonic_System.c,108 :: 		TMR0     =   21;                         //reinicia timer0
0x0027	0x3015      	MOVLW      21
0x0028	0x1283      	BCF        STATUS, 5
0x0029	0x0081      	MOVWF      TMR0
;Ultrassonic_System.c,111 :: 		trig_pulse;                              //gera pulso de trigger
0x002A	0x1485      	BSF        GPIO, 1
0x002B	0x0000      	NOP
0x002C	0x0000      	NOP
0x002D	0x0000      	NOP
0x002E	0x0000      	NOP
0x002F	0x0000      	NOP
0x0030	0x0000      	NOP
0x0031	0x0000      	NOP
0x0032	0x0000      	NOP
0x0033	0x0000      	NOP
0x0034	0x1085      	BCF        GPIO, 1
;Ultrassonic_System.c,113 :: 		} //end T0IF_bit
L_interrupt3:
;Ultrassonic_System.c,115 :: 		} //end interrupt
L_end_interrupt:
L__interrupt59:
0x0035	0x0821      	MOVF       33, 0
0x0036	0x00D0      	MOVWF      R0
0x0037	0x083C      	MOVF       ___savePCLATH, 0
0x0038	0x008A      	MOVWF      PCLATH
0x0039	0x0E3D      	SWAPF      ___saveSTATUS, 0
0x003A	0x0083      	MOVWF      STATUS
0x003B	0x0EDF      	SWAPF      R15, 1
0x003C	0x0E5F      	SWAPF      R15, 0
0x003D	0x0009      	RETFIE
; end of _interrupt
_COMFREM:
;__Lib_Math.c,1067 :: 		
;__Lib_Math.c,1071 :: 		
0x003E	0x09DB      	COMF       R11, 1
;__Lib_Math.c,1072 :: 		
0x003F	0x09DA      	COMF       R10, 1
;__Lib_Math.c,1073 :: 		
0x0040	0x09D9      	COMF       R9, 1
;__Lib_Math.c,1074 :: 		
0x0041	0x09D8      	COMF       R8, 1
;__Lib_Math.c,1075 :: 		
0x0042	0x0AD8      	INCF       R8, 1
;__Lib_Math.c,1076 :: 		
0x0043	0x1903      	BTFSC      STATUS, 2
;__Lib_Math.c,1077 :: 		
0x0044	0x0AD9      	INCF       R9, 1
;__Lib_Math.c,1078 :: 		
0x0045	0x1903      	BTFSC      STATUS, 2
;__Lib_Math.c,1079 :: 		
0x0046	0x0ADA      	INCF       R10, 1
;__Lib_Math.c,1080 :: 		
0x0047	0x1903      	BTFSC      STATUS, 2
;__Lib_Math.c,1081 :: 		
0x0048	0x0ADB      	INCF       R11, 1
;__Lib_Math.c,1083 :: 		
L_end_COMFREM:
0x0049	0x0008      	RETURN
; end of _COMFREM
_SDIV3232L:
;__Lib_Math.c,698 :: 		
;__Lib_Math.c,707 :: 		
0x004A	0x0854      	MOVF       R4, 0
;__Lib_Math.c,708 :: 		
0x004B	0x02D8      	SUBWF      R8, 1
;__Lib_Math.c,709 :: 		
0x004C	0x0855      	MOVF       R5, 0
;__Lib_Math.c,710 :: 		
0x004D	0x1C03      	BTFSS      STATUS, 0
;__Lib_Math.c,711 :: 		
0x004E	0x0F55      	INCFSZ     R5, 0
;__Lib_Math.c,712 :: 		
0x004F	0x02D9      	SUBWF      R9, 1
;__Lib_Math.c,713 :: 		
0x0050	0x0856      	MOVF       R6, 0
;__Lib_Math.c,714 :: 		
0x0051	0x1C03      	BTFSS      STATUS, 0
;__Lib_Math.c,715 :: 		
0x0052	0x0F56      	INCFSZ     R6, 0
;__Lib_Math.c,716 :: 		
0x0053	0x02DA      	SUBWF      R10, 1
;__Lib_Math.c,717 :: 		
0x0054	0x0857      	MOVF       R7, 0
;__Lib_Math.c,718 :: 		
0x0055	0x1C03      	BTFSS      STATUS, 0
;__Lib_Math.c,719 :: 		
0x0056	0x0F57      	INCFSZ     R7, 0
;__Lib_Math.c,720 :: 		
0x0057	0x02DB      	SUBWF      R11, 1
;__Lib_Math.c,721 :: 		
0x0058	0x0DD3      	RLF        R3, 1
;__Lib_Math.c,723 :: 		
0x0059	0x3007      	MOVLW      7
;__Lib_Math.c,724 :: 		
0x005A	0x00DC      	MOVWF      R12
;__Lib_Math.c,726 :: 		
LOOPS3232A:
;__Lib_Math.c,727 :: 		
0x005B	0x0D53      	RLF        R3, 0
;__Lib_Math.c,728 :: 		
0x005C	0x0DD8      	RLF        R8, 1
;__Lib_Math.c,729 :: 		
0x005D	0x0DD9      	RLF        R9, 1
;__Lib_Math.c,730 :: 		
0x005E	0x0DDA      	RLF        R10, 1
;__Lib_Math.c,731 :: 		
0x005F	0x0DDB      	RLF        R11, 1
;__Lib_Math.c,732 :: 		
0x0060	0x0854      	MOVF       R4, 0
;__Lib_Math.c,733 :: 		
0x0061	0x1C53      	BTFSS      R3, 0
;__Lib_Math.c,734 :: 		
0x0062	0x2871      	GOTO       SADD22LA
;__Lib_Math.c,736 :: 		
0x0063	0x02D8      	SUBWF      R8, 1
;__Lib_Math.c,737 :: 		
0x0064	0x0855      	MOVF       R5, 0
;__Lib_Math.c,738 :: 		
0x0065	0x1C03      	BTFSS      STATUS, 0
;__Lib_Math.c,739 :: 		
0x0066	0x0F55      	INCFSZ     R5, 0
;__Lib_Math.c,740 :: 		
0x0067	0x02D9      	SUBWF      R9, 1
;__Lib_Math.c,741 :: 		
0x0068	0x0856      	MOVF       R6, 0
;__Lib_Math.c,742 :: 		
0x0069	0x1C03      	BTFSS      STATUS, 0
;__Lib_Math.c,743 :: 		
0x006A	0x0F56      	INCFSZ     R6, 0
;__Lib_Math.c,744 :: 		
0x006B	0x02DA      	SUBWF      R10, 1
;__Lib_Math.c,745 :: 		
0x006C	0x0857      	MOVF       R7, 0
;__Lib_Math.c,746 :: 		
0x006D	0x1C03      	BTFSS      STATUS, 0
;__Lib_Math.c,747 :: 		
0x006E	0x0F57      	INCFSZ     R7, 0
;__Lib_Math.c,748 :: 		
0x006F	0x02DB      	SUBWF      R11, 1
;__Lib_Math.c,749 :: 		
0x0070	0x287E      	GOTO       SOK22LA
;__Lib_Math.c,751 :: 		
SADD22LA:
;__Lib_Math.c,752 :: 		
0x0071	0x07D8      	ADDWF      R8, 1
;__Lib_Math.c,753 :: 		
0x0072	0x0855      	MOVF       R5, 0
;__Lib_Math.c,754 :: 		
0x0073	0x1803      	BTFSC      STATUS, 0
;__Lib_Math.c,755 :: 		
0x0074	0x0F55      	INCFSZ     R5, 0
;__Lib_Math.c,756 :: 		
0x0075	0x07D9      	ADDWF      R9, 1
;__Lib_Math.c,757 :: 		
0x0076	0x0856      	MOVF       R6, 0
;__Lib_Math.c,758 :: 		
0x0077	0x1803      	BTFSC      STATUS, 0
;__Lib_Math.c,759 :: 		
0x0078	0x0F56      	INCFSZ     R6, 0
;__Lib_Math.c,760 :: 		
0x0079	0x07DA      	ADDWF      R10, 1
;__Lib_Math.c,761 :: 		
0x007A	0x0857      	MOVF       R7, 0
;__Lib_Math.c,762 :: 		
0x007B	0x1803      	BTFSC      STATUS, 0
;__Lib_Math.c,763 :: 		
0x007C	0x0F57      	INCFSZ     R7, 0
;__Lib_Math.c,764 :: 		
0x007D	0x07DB      	ADDWF      R11, 1
;__Lib_Math.c,766 :: 		
SOK22LA:
;__Lib_Math.c,767 :: 		
0x007E	0x0DD3      	RLF        R3, 1
;__Lib_Math.c,769 :: 		
0x007F	0x0BDC      	DECFSZ     R12, 1
;__Lib_Math.c,770 :: 		
0x0080	0x285B      	GOTO       LOOPS3232A
;__Lib_Math.c,772 :: 		
0x0081	0x0D52      	RLF        R2, 0
;__Lib_Math.c,773 :: 		
0x0082	0x0DD8      	RLF        R8, 1
;__Lib_Math.c,774 :: 		
0x0083	0x0DD9      	RLF        R9, 1
;__Lib_Math.c,775 :: 		
0x0084	0x0DDA      	RLF        R10, 1
;__Lib_Math.c,776 :: 		
0x0085	0x0DDB      	RLF        R11, 1
;__Lib_Math.c,777 :: 		
0x0086	0x0854      	MOVF       R4, 0
;__Lib_Math.c,778 :: 		
0x0087	0x1C53      	BTFSS      R3, 0
;__Lib_Math.c,779 :: 		
0x0088	0x2897      	GOTO       SADD22L8
;__Lib_Math.c,781 :: 		
0x0089	0x02D8      	SUBWF      R8, 1
;__Lib_Math.c,782 :: 		
0x008A	0x0855      	MOVF       R5, 0
;__Lib_Math.c,783 :: 		
0x008B	0x1C03      	BTFSS      STATUS, 0
;__Lib_Math.c,784 :: 		
0x008C	0x0F55      	INCFSZ     R5, 0
;__Lib_Math.c,785 :: 		
0x008D	0x02D9      	SUBWF      R9, 1
;__Lib_Math.c,786 :: 		
0x008E	0x0856      	MOVF       R6, 0
;__Lib_Math.c,787 :: 		
0x008F	0x1C03      	BTFSS      STATUS, 0
;__Lib_Math.c,788 :: 		
0x0090	0x0F56      	INCFSZ     R6, 0
;__Lib_Math.c,789 :: 		
0x0091	0x02DA      	SUBWF      R10, 1
;__Lib_Math.c,790 :: 		
0x0092	0x0857      	MOVF       R7, 0
;__Lib_Math.c,791 :: 		
0x0093	0x1C03      	BTFSS      STATUS, 0
;__Lib_Math.c,792 :: 		
0x0094	0x0F57      	INCFSZ     R7, 0
;__Lib_Math.c,793 :: 		
0x0095	0x02DB      	SUBWF      R11, 1
;__Lib_Math.c,794 :: 		
0x0096	0x28A4      	GOTO       SOK22L8
;__Lib_Math.c,796 :: 		
SADD22L8:
;__Lib_Math.c,797 :: 		
0x0097	0x07D8      	ADDWF      R8, 1
;__Lib_Math.c,798 :: 		
0x0098	0x0855      	MOVF       R5, 0
;__Lib_Math.c,799 :: 		
0x0099	0x1803      	BTFSC      STATUS, 0
;__Lib_Math.c,800 :: 		
0x009A	0x0F55      	INCFSZ     R5, 0
;__Lib_Math.c,801 :: 		
0x009B	0x07D9      	ADDWF      R9, 1
;__Lib_Math.c,802 :: 		
0x009C	0x0856      	MOVF       R6, 0
;__Lib_Math.c,803 :: 		
0x009D	0x1803      	BTFSC      STATUS, 0
;__Lib_Math.c,804 :: 		
0x009E	0x0F56      	INCFSZ     R6, 0
;__Lib_Math.c,805 :: 		
0x009F	0x07DA      	ADDWF      R10, 1
;__Lib_Math.c,806 :: 		
0x00A0	0x0857      	MOVF       R7, 0
;__Lib_Math.c,807 :: 		
0x00A1	0x1803      	BTFSC      STATUS, 0
;__Lib_Math.c,808 :: 		
0x00A2	0x0F57      	INCFSZ     R7, 0
;__Lib_Math.c,809 :: 		
0x00A3	0x07DB      	ADDWF      R11, 1
;__Lib_Math.c,811 :: 		
SOK22L8:
;__Lib_Math.c,812 :: 		
0x00A4	0x0DD2      	RLF        R2, 1
;__Lib_Math.c,814 :: 		
0x00A5	0x3007      	MOVLW      7
;__Lib_Math.c,815 :: 		
0x00A6	0x00DC      	MOVWF      R12
;__Lib_Math.c,817 :: 		
LOOPS3232B:
;__Lib_Math.c,818 :: 		
0x00A7	0x0D52      	RLF        R2, 0
;__Lib_Math.c,819 :: 		
0x00A8	0x0DD8      	RLF        R8, 1
;__Lib_Math.c,820 :: 		
0x00A9	0x0DD9      	RLF        R9, 1
;__Lib_Math.c,821 :: 		
0x00AA	0x0DDA      	RLF        R10, 1
;__Lib_Math.c,822 :: 		
0x00AB	0x0DDB      	RLF        R11, 1
;__Lib_Math.c,823 :: 		
0x00AC	0x0854      	MOVF       R4, 0
;__Lib_Math.c,824 :: 		
0x00AD	0x1C52      	BTFSS      R2, 0
;__Lib_Math.c,825 :: 		
0x00AE	0x28BD      	GOTO       SADD22LB
;__Lib_Math.c,827 :: 		
0x00AF	0x02D8      	SUBWF      R8, 1
;__Lib_Math.c,828 :: 		
0x00B0	0x0855      	MOVF       R5, 0
;__Lib_Math.c,829 :: 		
0x00B1	0x1C03      	BTFSS      STATUS, 0
;__Lib_Math.c,830 :: 		
0x00B2	0x0F55      	INCFSZ     R5, 0
;__Lib_Math.c,831 :: 		
0x00B3	0x02D9      	SUBWF      R9, 1
;__Lib_Math.c,832 :: 		
0x00B4	0x0856      	MOVF       R6, 0
;__Lib_Math.c,833 :: 		
0x00B5	0x1C03      	BTFSS      STATUS, 0
;__Lib_Math.c,834 :: 		
0x00B6	0x0F56      	INCFSZ     R6, 0
;__Lib_Math.c,835 :: 		
0x00B7	0x02DA      	SUBWF      R10, 1
;__Lib_Math.c,836 :: 		
0x00B8	0x0857      	MOVF       R7, 0
;__Lib_Math.c,837 :: 		
0x00B9	0x1C03      	BTFSS      STATUS, 0
;__Lib_Math.c,838 :: 		
0x00BA	0x0F57      	INCFSZ     R7, 0
;__Lib_Math.c,839 :: 		
0x00BB	0x02DB      	SUBWF      R11, 1
;__Lib_Math.c,840 :: 		
0x00BC	0x28CA      	GOTO       SOK22LB
;__Lib_Math.c,842 :: 		
SADD22LB:
;__Lib_Math.c,843 :: 		
0x00BD	0x07D8      	ADDWF      R8, 1
;__Lib_Math.c,844 :: 		
0x00BE	0x0855      	MOVF       R5, 0
;__Lib_Math.c,845 :: 		
0x00BF	0x1803      	BTFSC      STATUS, 0
;__Lib_Math.c,846 :: 		
0x00C0	0x0F55      	INCFSZ     R5, 0
;__Lib_Math.c,847 :: 		
0x00C1	0x07D9      	ADDWF      R9, 1
;__Lib_Math.c,848 :: 		
0x00C2	0x0856      	MOVF       R6, 0
;__Lib_Math.c,849 :: 		
0x00C3	0x1803      	BTFSC      STATUS, 0
;__Lib_Math.c,850 :: 		
0x00C4	0x0F56      	INCFSZ     R6, 0
;__Lib_Math.c,851 :: 		
0x00C5	0x07DA      	ADDWF      R10, 1
;__Lib_Math.c,852 :: 		
0x00C6	0x0857      	MOVF       R7, 0
;__Lib_Math.c,853 :: 		
0x00C7	0x1803      	BTFSC      STATUS, 0
;__Lib_Math.c,854 :: 		
0x00C8	0x0F57      	INCFSZ     R7, 0
;__Lib_Math.c,855 :: 		
0x00C9	0x07DB      	ADDWF      R11, 1
;__Lib_Math.c,857 :: 		
SOK22LB:
;__Lib_Math.c,858 :: 		
0x00CA	0x0DD2      	RLF        R2, 1
;__Lib_Math.c,860 :: 		
0x00CB	0x0BDC      	DECFSZ     R12, 1
;__Lib_Math.c,861 :: 		
0x00CC	0x28A7      	GOTO       LOOPS3232B
;__Lib_Math.c,863 :: 		
0x00CD	0x0D51      	RLF        R1, 0
;__Lib_Math.c,864 :: 		
0x00CE	0x0DD8      	RLF        R8, 1
;__Lib_Math.c,865 :: 		
0x00CF	0x0DD9      	RLF        R9, 1
;__Lib_Math.c,866 :: 		
0x00D0	0x0DDA      	RLF        R10, 1
;__Lib_Math.c,867 :: 		
0x00D1	0x0DDB      	RLF        R11, 1
;__Lib_Math.c,868 :: 		
0x00D2	0x0854      	MOVF       R4, 0
;__Lib_Math.c,869 :: 		
0x00D3	0x1C52      	BTFSS      R2, 0
;__Lib_Math.c,870 :: 		
0x00D4	0x28E3      	GOTO       SADD22L16
;__Lib_Math.c,872 :: 		
0x00D5	0x02D8      	SUBWF      R8, 1
;__Lib_Math.c,873 :: 		
0x00D6	0x0855      	MOVF       R5, 0
;__Lib_Math.c,874 :: 		
0x00D7	0x1C03      	BTFSS      STATUS, 0
;__Lib_Math.c,875 :: 		
0x00D8	0x0F55      	INCFSZ     R5, 0
;__Lib_Math.c,876 :: 		
0x00D9	0x02D9      	SUBWF      R9, 1
;__Lib_Math.c,877 :: 		
0x00DA	0x0856      	MOVF       R6, 0
;__Lib_Math.c,878 :: 		
0x00DB	0x1C03      	BTFSS      STATUS, 0
;__Lib_Math.c,879 :: 		
0x00DC	0x0F56      	INCFSZ     R6, 0
;__Lib_Math.c,880 :: 		
0x00DD	0x02DA      	SUBWF      R10, 1
;__Lib_Math.c,881 :: 		
0x00DE	0x0857      	MOVF       R7, 0
;__Lib_Math.c,882 :: 		
0x00DF	0x1C03      	BTFSS      STATUS, 0
;__Lib_Math.c,883 :: 		
0x00E0	0x0F57      	INCFSZ     R7, 0
;__Lib_Math.c,884 :: 		
0x00E1	0x02DB      	SUBWF      R11, 1
;__Lib_Math.c,885 :: 		
0x00E2	0x28F0      	GOTO       SOK22L16
;__Lib_Math.c,887 :: 		
SADD22L16:
;__Lib_Math.c,888 :: 		
0x00E3	0x07D8      	ADDWF      R8, 1
;__Lib_Math.c,889 :: 		
0x00E4	0x0855      	MOVF       R5, 0
;__Lib_Math.c,890 :: 		
0x00E5	0x1803      	BTFSC      STATUS, 0
;__Lib_Math.c,891 :: 		
0x00E6	0x0F55      	INCFSZ     R5, 0
;__Lib_Math.c,892 :: 		
0x00E7	0x07D9      	ADDWF      R9, 1
;__Lib_Math.c,893 :: 		
0x00E8	0x0856      	MOVF       R6, 0
;__Lib_Math.c,894 :: 		
0x00E9	0x1803      	BTFSC      STATUS, 0
;__Lib_Math.c,895 :: 		
0x00EA	0x0F56      	INCFSZ     R6, 0
;__Lib_Math.c,896 :: 		
0x00EB	0x07DA      	ADDWF      R10, 1
;__Lib_Math.c,897 :: 		
0x00EC	0x0857      	MOVF       R7, 0
;__Lib_Math.c,898 :: 		
0x00ED	0x1803      	BTFSC      STATUS, 0
;__Lib_Math.c,899 :: 		
0x00EE	0x0F57      	INCFSZ     R7, 0
;__Lib_Math.c,900 :: 		
0x00EF	0x07DB      	ADDWF      R11, 1
;__Lib_Math.c,902 :: 		
SOK22L16:
;__Lib_Math.c,903 :: 		
0x00F0	0x0DD1      	RLF        R1, 1
;__Lib_Math.c,905 :: 		
0x00F1	0x3007      	MOVLW      7
;__Lib_Math.c,906 :: 		
0x00F2	0x00DC      	MOVWF      R12
;__Lib_Math.c,908 :: 		
LOOPS3232C:
;__Lib_Math.c,909 :: 		
0x00F3	0x0D51      	RLF        R1, 0
;__Lib_Math.c,910 :: 		
0x00F4	0x0DD8      	RLF        R8, 1
;__Lib_Math.c,911 :: 		
0x00F5	0x0DD9      	RLF        R9, 1
;__Lib_Math.c,912 :: 		
0x00F6	0x0DDA      	RLF        R10, 1
;__Lib_Math.c,913 :: 		
0x00F7	0x0DDB      	RLF        R11, 1
;__Lib_Math.c,914 :: 		
0x00F8	0x0854      	MOVF       R4, 0
;__Lib_Math.c,915 :: 		
0x00F9	0x1C51      	BTFSS      R1, 0
;__Lib_Math.c,916 :: 		
0x00FA	0x2909      	GOTO       SADD22LC
;__Lib_Math.c,918 :: 		
0x00FB	0x02D8      	SUBWF      R8, 1
;__Lib_Math.c,919 :: 		
0x00FC	0x0855      	MOVF       R5, 0
;__Lib_Math.c,920 :: 		
0x00FD	0x1C03      	BTFSS      STATUS, 0
;__Lib_Math.c,921 :: 		
0x00FE	0x0F55      	INCFSZ     R5, 0
;__Lib_Math.c,922 :: 		
0x00FF	0x02D9      	SUBWF      R9, 1
;__Lib_Math.c,923 :: 		
0x0100	0x0856      	MOVF       R6, 0
;__Lib_Math.c,924 :: 		
0x0101	0x1C03      	BTFSS      STATUS, 0
;__Lib_Math.c,925 :: 		
0x0102	0x0F56      	INCFSZ     R6, 0
;__Lib_Math.c,926 :: 		
0x0103	0x02DA      	SUBWF      R10, 1
;__Lib_Math.c,927 :: 		
0x0104	0x0857      	MOVF       R7, 0
;__Lib_Math.c,928 :: 		
0x0105	0x1C03      	BTFSS      STATUS, 0
;__Lib_Math.c,929 :: 		
0x0106	0x0F57      	INCFSZ     R7, 0
;__Lib_Math.c,930 :: 		
0x0107	0x02DB      	SUBWF      R11, 1
;__Lib_Math.c,931 :: 		
0x0108	0x2916      	GOTO       SOK22LC
;__Lib_Math.c,933 :: 		
SADD22LC:
;__Lib_Math.c,934 :: 		
0x0109	0x07D8      	ADDWF      R8, 1
;__Lib_Math.c,935 :: 		
0x010A	0x0855      	MOVF       R5, 0
;__Lib_Math.c,936 :: 		
0x010B	0x1803      	BTFSC      STATUS, 0
;__Lib_Math.c,937 :: 		
0x010C	0x0F55      	INCFSZ     R5, 0
;__Lib_Math.c,938 :: 		
0x010D	0x07D9      	ADDWF      R9, 1
;__Lib_Math.c,939 :: 		
0x010E	0x0856      	MOVF       R6, 0
;__Lib_Math.c,940 :: 		
0x010F	0x1803      	BTFSC      STATUS, 0
;__Lib_Math.c,941 :: 		
0x0110	0x0F56      	INCFSZ     R6, 0
;__Lib_Math.c,942 :: 		
0x0111	0x07DA      	ADDWF      R10, 1
;__Lib_Math.c,943 :: 		
0x0112	0x0857      	MOVF       R7, 0
;__Lib_Math.c,944 :: 		
0x0113	0x1803      	BTFSC      STATUS, 0
;__Lib_Math.c,945 :: 		
0x0114	0x0F57      	INCFSZ     R7, 0
;__Lib_Math.c,946 :: 		
0x0115	0x07DB      	ADDWF      R11, 1
;__Lib_Math.c,948 :: 		
SOK22LC:
;__Lib_Math.c,949 :: 		
0x0116	0x0DD1      	RLF        R1, 1
;__Lib_Math.c,951 :: 		
0x0117	0x0BDC      	DECFSZ     R12, 1
;__Lib_Math.c,952 :: 		
0x0118	0x28F3      	GOTO       LOOPS3232C
;__Lib_Math.c,954 :: 		
0x0119	0x0D50      	RLF        R0, 0
;__Lib_Math.c,955 :: 		
0x011A	0x0DD8      	RLF        R8, 1
;__Lib_Math.c,956 :: 		
0x011B	0x0DD9      	RLF        R9, 1
;__Lib_Math.c,957 :: 		
0x011C	0x0DDA      	RLF        R10, 1
;__Lib_Math.c,958 :: 		
0x011D	0x0DDB      	RLF        R11, 1
;__Lib_Math.c,959 :: 		
0x011E	0x0854      	MOVF       R4, 0
;__Lib_Math.c,960 :: 		
0x011F	0x1C51      	BTFSS      R1, 0
;__Lib_Math.c,961 :: 		
0x0120	0x292F      	GOTO       SADD22L24
;__Lib_Math.c,963 :: 		
0x0121	0x02D8      	SUBWF      R8, 1
;__Lib_Math.c,964 :: 		
0x0122	0x0855      	MOVF       R5, 0
;__Lib_Math.c,965 :: 		
0x0123	0x1C03      	BTFSS      STATUS, 0
;__Lib_Math.c,966 :: 		
0x0124	0x0F55      	INCFSZ     R5, 0
;__Lib_Math.c,967 :: 		
0x0125	0x02D9      	SUBWF      R9, 1
;__Lib_Math.c,968 :: 		
0x0126	0x0856      	MOVF       R6, 0
;__Lib_Math.c,969 :: 		
0x0127	0x1C03      	BTFSS      STATUS, 0
;__Lib_Math.c,970 :: 		
0x0128	0x0F56      	INCFSZ     R6, 0
;__Lib_Math.c,971 :: 		
0x0129	0x02DA      	SUBWF      R10, 1
;__Lib_Math.c,972 :: 		
0x012A	0x0857      	MOVF       R7, 0
;__Lib_Math.c,973 :: 		
0x012B	0x1C03      	BTFSS      STATUS, 0
;__Lib_Math.c,974 :: 		
0x012C	0x0F57      	INCFSZ     R7, 0
;__Lib_Math.c,975 :: 		
0x012D	0x02DB      	SUBWF      R11, 1
;__Lib_Math.c,976 :: 		
0x012E	0x293C      	GOTO       SOK22L24
;__Lib_Math.c,978 :: 		
SADD22L24:
;__Lib_Math.c,979 :: 		
0x012F	0x07D8      	ADDWF      R8, 1
;__Lib_Math.c,980 :: 		
0x0130	0x0855      	MOVF       R5, 0
;__Lib_Math.c,981 :: 		
0x0131	0x1803      	BTFSC      STATUS, 0
;__Lib_Math.c,982 :: 		
0x0132	0x0F55      	INCFSZ     R5, 0
;__Lib_Math.c,983 :: 		
0x0133	0x07D9      	ADDWF      R9, 1
;__Lib_Math.c,984 :: 		
0x0134	0x0856      	MOVF       R6, 0
;__Lib_Math.c,985 :: 		
0x0135	0x1803      	BTFSC      STATUS, 0
;__Lib_Math.c,986 :: 		
0x0136	0x0F56      	INCFSZ     R6, 0
;__Lib_Math.c,987 :: 		
0x0137	0x07DA      	ADDWF      R10, 1
;__Lib_Math.c,988 :: 		
0x0138	0x0857      	MOVF       R7, 0
;__Lib_Math.c,989 :: 		
0x0139	0x1803      	BTFSC      STATUS, 0
;__Lib_Math.c,990 :: 		
0x013A	0x0F57      	INCFSZ     R7, 0
;__Lib_Math.c,991 :: 		
0x013B	0x07DB      	ADDWF      R11, 1
;__Lib_Math.c,993 :: 		
SOK22L24:
;__Lib_Math.c,994 :: 		
0x013C	0x0DD0      	RLF        R0, 1
;__Lib_Math.c,996 :: 		
0x013D	0x3007      	MOVLW      7
;__Lib_Math.c,997 :: 		
0x013E	0x00DC      	MOVWF      R12
;__Lib_Math.c,999 :: 		
LOOPS3232D:
;__Lib_Math.c,1000 :: 		
0x013F	0x0D50      	RLF        R0, 0
;__Lib_Math.c,1001 :: 		
0x0140	0x0DD8      	RLF        R8, 1
;__Lib_Math.c,1002 :: 		
0x0141	0x0DD9      	RLF        R9, 1
;__Lib_Math.c,1003 :: 		
0x0142	0x0DDA      	RLF        R10, 1
;__Lib_Math.c,1004 :: 		
0x0143	0x0DDB      	RLF        R11, 1
;__Lib_Math.c,1005 :: 		
0x0144	0x0854      	MOVF       R4, 0
;__Lib_Math.c,1006 :: 		
0x0145	0x1C50      	BTFSS      R0, 0
;__Lib_Math.c,1007 :: 		
0x0146	0x2955      	GOTO       SADD22LD
;__Lib_Math.c,1009 :: 		
0x0147	0x02D8      	SUBWF      R8, 1
;__Lib_Math.c,1010 :: 		
0x0148	0x0855      	MOVF       R5, 0
;__Lib_Math.c,1011 :: 		
0x0149	0x1C03      	BTFSS      STATUS, 0
;__Lib_Math.c,1012 :: 		
0x014A	0x0F55      	INCFSZ     R5, 0
;__Lib_Math.c,1013 :: 		
0x014B	0x02D9      	SUBWF      R9, 1
;__Lib_Math.c,1014 :: 		
0x014C	0x0856      	MOVF       R6, 0
;__Lib_Math.c,1015 :: 		
0x014D	0x1C03      	BTFSS      STATUS, 0
;__Lib_Math.c,1016 :: 		
0x014E	0x0F56      	INCFSZ     R6, 0
;__Lib_Math.c,1017 :: 		
0x014F	0x02DA      	SUBWF      R10, 1
;__Lib_Math.c,1018 :: 		
0x0150	0x0857      	MOVF       R7, 0
;__Lib_Math.c,1019 :: 		
0x0151	0x1C03      	BTFSS      STATUS, 0
;__Lib_Math.c,1020 :: 		
0x0152	0x0F57      	INCFSZ     R7, 0
;__Lib_Math.c,1021 :: 		
0x0153	0x02DB      	SUBWF      R11, 1
;__Lib_Math.c,1022 :: 		
0x0154	0x2962      	GOTO       SOK22LD
;__Lib_Math.c,1024 :: 		
SADD22LD:
;__Lib_Math.c,1025 :: 		
0x0155	0x07D8      	ADDWF      R8, 1
;__Lib_Math.c,1026 :: 		
0x0156	0x0855      	MOVF       R5, 0
;__Lib_Math.c,1027 :: 		
0x0157	0x1803      	BTFSC      STATUS, 0
;__Lib_Math.c,1028 :: 		
0x0158	0x0F55      	INCFSZ     R5, 0
;__Lib_Math.c,1029 :: 		
0x0159	0x07D9      	ADDWF      R9, 1
;__Lib_Math.c,1030 :: 		
0x015A	0x0856      	MOVF       R6, 0
;__Lib_Math.c,1031 :: 		
0x015B	0x1803      	BTFSC      STATUS, 0
;__Lib_Math.c,1032 :: 		
0x015C	0x0F56      	INCFSZ     R6, 0
;__Lib_Math.c,1033 :: 		
0x015D	0x07DA      	ADDWF      R10, 1
;__Lib_Math.c,1034 :: 		
0x015E	0x0857      	MOVF       R7, 0
;__Lib_Math.c,1035 :: 		
0x015F	0x1803      	BTFSC      STATUS, 0
;__Lib_Math.c,1037 :: 		
0x0160	0x0F57      	INCFSZ     R7, 0
;__Lib_Math.c,1038 :: 		
0x0161	0x07DB      	ADDWF      R11, 1
;__Lib_Math.c,1040 :: 		
SOK22LD:
;__Lib_Math.c,1041 :: 		
0x0162	0x0DD0      	RLF        R0, 1
;__Lib_Math.c,1043 :: 		
0x0163	0x0BDC      	DECFSZ     R12, 1
;__Lib_Math.c,1044 :: 		
0x0164	0x293F      	GOTO       LOOPS3232D
;__Lib_Math.c,1046 :: 		
0x0165	0x1850      	BTFSC      R0, 0
;__Lib_Math.c,1047 :: 		
0x0166	0x2975      	GOTO       SOK22L
;__Lib_Math.c,1048 :: 		
0x0167	0x0854      	MOVF       R4, 0
;__Lib_Math.c,1049 :: 		
0x0168	0x07D8      	ADDWF      R8, 1
;__Lib_Math.c,1050 :: 		
0x0169	0x0855      	MOVF       R5, 0
;__Lib_Math.c,1051 :: 		
0x016A	0x1803      	BTFSC      STATUS, 0
;__Lib_Math.c,1052 :: 		
0x016B	0x0F55      	INCFSZ     R5, 0
;__Lib_Math.c,1053 :: 		
0x016C	0x07D9      	ADDWF      R9, 1
;__Lib_Math.c,1054 :: 		
0x016D	0x0856      	MOVF       R6, 0
;__Lib_Math.c,1055 :: 		
0x016E	0x1803      	BTFSC      STATUS, 0
;__Lib_Math.c,1056 :: 		
0x016F	0x0F56      	INCFSZ     R6, 0
;__Lib_Math.c,1057 :: 		
0x0170	0x07DA      	ADDWF      R10, 1
;__Lib_Math.c,1058 :: 		
0x0171	0x0857      	MOVF       R7, 0
;__Lib_Math.c,1059 :: 		
0x0172	0x1803      	BTFSC      STATUS, 0
;__Lib_Math.c,1060 :: 		
0x0173	0x0F57      	INCFSZ     R7, 0
;__Lib_Math.c,1061 :: 		
0x0174	0x07DB      	ADDWF      R11, 1
;__Lib_Math.c,1062 :: 		
SOK22L:
;__Lib_Math.c,1065 :: 		
L_end_SDIV3232L:
0x0175	0x0008      	RETURN
; end of _SDIV3232L
_Mul_8X8_U:
;__Lib_Math.c,103 :: 		
;__Lib_Math.c,108 :: 		
0x0176	0x1283      	BCF        STATUS, 5
;__Lib_Math.c,109 :: 		
0x0177	0x1303      	BCF        STATUS, 6
;__Lib_Math.c,110 :: 		
0x0178	0x0850      	MOVF       R0, 0
;__Lib_Math.c,111 :: 		
0x0179	0x00D1      	MOVWF      R1
;__Lib_Math.c,112 :: 		
0x017A	0x01D0      	CLRF       R0
;__Lib_Math.c,113 :: 		
0x017B	0x3008      	MOVLW      8
;__Lib_Math.c,114 :: 		
0x017C	0x00DC      	MOVWF      R12
;__Lib_Math.c,115 :: 		
0x017D	0x0851      	MOVF       R1, 0
;__Lib_Math.c,116 :: 		
0x017E	0x0CD4      	RRF        R4, 1
;__Lib_Math.c,117 :: 		
0x017F	0x1803      	BTFSC      STATUS, 0
;__Lib_Math.c,118 :: 		
0x0180	0x2985      	GOTO       $+5
;__Lib_Math.c,119 :: 		
0x0181	0x0BDC      	DECFSZ     R12, 1
;__Lib_Math.c,120 :: 		
0x0182	0x297E      	GOTO       $-4
;__Lib_Math.c,121 :: 		
0x0183	0x01D1      	CLRF       R1
;__Lib_Math.c,122 :: 		
0x0184	0x3400      	RETLW      0
;__Lib_Math.c,123 :: 		
0x0185	0x1003      	BCF        STATUS, 0
;__Lib_Math.c,124 :: 		
0x0186	0x298A      	GOTO       $+4
;__Lib_Math.c,125 :: 		
0x0187	0x0CD4      	RRF        R4, 1
;__Lib_Math.c,126 :: 		
0x0188	0x1803      	BTFSC      STATUS, 0
;__Lib_Math.c,127 :: 		
0x0189	0x07D1      	ADDWF      R1, 1
;__Lib_Math.c,128 :: 		
0x018A	0x0CD1      	RRF        R1, 1
;__Lib_Math.c,129 :: 		
0x018B	0x0CD0      	RRF        R0, 1
;__Lib_Math.c,130 :: 		
0x018C	0x0BDC      	DECFSZ     R12, 1
;__Lib_Math.c,131 :: 		
0x018D	0x2987      	GOTO       $-6
;__Lib_Math.c,133 :: 		
;__Lib_Math.c,134 :: 		
L_end_Mul_8X8_U:
0x018E	0x0008      	RETURN
; end of _Mul_8X8_U
_Div_32x32_S:
;__Lib_Math.c,1092 :: 		
;__Lib_Math.c,1103 :: 		
;__Lib_Math.c,1106 :: 		
0x018F	0x1283      	BCF        STATUS, 5
0x0190	0x0854      	MOVF       R4, 0
0x0191	0x3A00      	XORLW      0
0x0192	0x1D03      	BTFSS      STATUS, 2
0x0193	0x29A9      	GOTO       L_Div_32x32_S6
;__Lib_Math.c,1107 :: 		
0x0194	0x0855      	MOVF       R5, 0
0x0195	0x3A00      	XORLW      0
0x0196	0x1D03      	BTFSS      STATUS, 2
0x0197	0x29A9      	GOTO       L_Div_32x32_S7
;__Lib_Math.c,1108 :: 		
0x0198	0x0856      	MOVF       R6, 0
0x0199	0x3A00      	XORLW      0
0x019A	0x1D03      	BTFSS      STATUS, 2
0x019B	0x29A9      	GOTO       L_Div_32x32_S8
;__Lib_Math.c,1109 :: 		
0x019C	0x0857      	MOVF       R7, 0
0x019D	0x3A00      	XORLW      0
0x019E	0x1D03      	BTFSS      STATUS, 2
0x019F	0x29A9      	GOTO       L_Div_32x32_S9
;__Lib_Math.c,1110 :: 		
0x01A0	0x30FF      	MOVLW      255
0x01A1	0x00D0      	MOVWF      R0
;__Lib_Math.c,1111 :: 		
0x01A2	0x30FF      	MOVLW      255
0x01A3	0x00D1      	MOVWF      R1
;__Lib_Math.c,1112 :: 		
0x01A4	0x30FF      	MOVLW      255
0x01A5	0x00D2      	MOVWF      R2
;__Lib_Math.c,1113 :: 		
0x01A6	0x307F      	MOVLW      127
0x01A7	0x00D3      	MOVWF      R3
;__Lib_Math.c,1114 :: 		
0x01A8	0x2A42      	GOTO       L_end_Div_32x32_S
;__Lib_Math.c,1115 :: 		
L_Div_32x32_S9:
L_Div_32x32_S8:
L_Div_32x32_S7:
L_Div_32x32_S6:
;__Lib_Math.c,1118 :: 		
0x01A9	0x1283      	BCF        STATUS, 5
;__Lib_Math.c,1119 :: 		
0x01AA	0x1303      	BCF        STATUS, 6
;__Lib_Math.c,1121 :: 		
0x01AB	0x01DC      	CLRF       R12
;__Lib_Math.c,1122 :: 		
0x01AC	0x1BD7      	BTFSC      R7, 7
;__Lib_Math.c,1123 :: 		
0x01AD	0x0ADC      	INCF       R12, 1
;__Lib_Math.c,1125 :: 		
0x01AE	0x01DD      	CLRF       R13
;__Lib_Math.c,1126 :: 		
0x01AF	0x01DB      	CLRF       R11
;__Lib_Math.c,1127 :: 		
0x01B0	0x01DA      	CLRF       R10
;__Lib_Math.c,1128 :: 		
0x01B1	0x01D9      	CLRF       R9
;__Lib_Math.c,1129 :: 		
0x01B2	0x01D8      	CLRF       R8
;__Lib_Math.c,1130 :: 		
0x01B3	0x0853      	MOVF       R3, 0
;__Lib_Math.c,1131 :: 		
0x01B4	0x0452      	IORWF      R2, 0
;__Lib_Math.c,1132 :: 		
0x01B5	0x0451      	IORWF      R1, 0
;__Lib_Math.c,1133 :: 		
0x01B6	0x0450      	IORWF      R0, 0
;__Lib_Math.c,1134 :: 		
0x01B7	0x1903      	BTFSC      STATUS, 2
;__Lib_Math.c,1135 :: 		
0x01B8	0x2A3D      	GOTO       END_ALL
;__Lib_Math.c,1137 :: 		
0x01B9	0x0853      	MOVF       R3, 0
;__Lib_Math.c,1138 :: 		
0x01BA	0x0657      	XORWF      R7, 0
;__Lib_Math.c,1139 :: 		
0x01BB	0x00A0      	MOVWF      ___math_tempb
;__Lib_Math.c,1140 :: 		
0x01BC	0x1BA0      	BTFSC      ___math_tempb, 7
;__Lib_Math.c,1141 :: 		
0x01BD	0x09DD      	COMF       R13, 1
;__Lib_Math.c,1145 :: 		
0x01BE	0x1FD7      	BTFSS      R7, 7
;__Lib_Math.c,1146 :: 		
0x01BF	0x29CB      	GOTO       CA3232S
;__Lib_Math.c,1148 :: 		
0x01C0	0x09D4      	COMF       R4, 1
;__Lib_Math.c,1149 :: 		
0x01C1	0x09D5      	COMF       R5, 1
;__Lib_Math.c,1150 :: 		
0x01C2	0x09D6      	COMF       R6, 1
;__Lib_Math.c,1151 :: 		
0x01C3	0x09D7      	COMF       R7, 1
;__Lib_Math.c,1152 :: 		
0x01C4	0x0AD4      	INCF       R4, 1
;__Lib_Math.c,1153 :: 		
0x01C5	0x1903      	BTFSC      STATUS, 2
;__Lib_Math.c,1154 :: 		
0x01C6	0x0AD5      	INCF       R5, 1
;__Lib_Math.c,1155 :: 		
0x01C7	0x1903      	BTFSC      STATUS, 2
;__Lib_Math.c,1156 :: 		
0x01C8	0x0AD6      	INCF       R6, 1
;__Lib_Math.c,1157 :: 		
0x01C9	0x1903      	BTFSC      STATUS, 2
;__Lib_Math.c,1158 :: 		
0x01CA	0x0AD7      	INCF       R7, 1
;__Lib_Math.c,1160 :: 		
CA3232S:
;__Lib_Math.c,1161 :: 		
0x01CB	0x1FD3      	BTFSS      R3, 7
;__Lib_Math.c,1162 :: 		
0x01CC	0x29D8      	GOTO       C3232SX
;__Lib_Math.c,1164 :: 		
0x01CD	0x09D0      	COMF       R0, 1
;__Lib_Math.c,1165 :: 		
0x01CE	0x09D1      	COMF       R1, 1
;__Lib_Math.c,1166 :: 		
0x01CF	0x09D2      	COMF       R2, 1
;__Lib_Math.c,1167 :: 		
0x01D0	0x09D3      	COMF       R3, 1
;__Lib_Math.c,1168 :: 		
0x01D1	0x0AD0      	INCF       R0, 1
;__Lib_Math.c,1169 :: 		
0x01D2	0x1903      	BTFSC      STATUS, 2
;__Lib_Math.c,1170 :: 		
0x01D3	0x0AD1      	INCF       R1, 1
;__Lib_Math.c,1171 :: 		
0x01D4	0x1903      	BTFSC      STATUS, 2
;__Lib_Math.c,1172 :: 		
0x01D5	0x0AD2      	INCF       R2, 1
;__Lib_Math.c,1173 :: 		
0x01D6	0x1903      	BTFSC      STATUS, 2
;__Lib_Math.c,1174 :: 		
0x01D7	0x0AD3      	INCF       R3, 1
;__Lib_Math.c,1176 :: 		
C3232SX:
;__Lib_Math.c,1177 :: 		
0x01D8	0x0853      	MOVF       R3, 0
;__Lib_Math.c,1178 :: 		
0x01D9	0x0457      	IORWF      R7, 0
;__Lib_Math.c,1179 :: 		
0x01DA	0x00A0      	MOVWF      ___math_tempb
;__Lib_Math.c,1180 :: 		
0x01DB	0x1BA0      	BTFSC      ___math_tempb, 7
;__Lib_Math.c,1181 :: 		
0x01DC	0x29F9      	GOTO       C3232SX1
;__Lib_Math.c,1183 :: 		
C3232S:
;__Lib_Math.c,1186 :: 		
0x01DD	0x204A      	CALL       _SDIV3232L
;__Lib_Math.c,1190 :: 		
0x01DE	0x1BDC      	BTFSC      R12, 7
;__Lib_Math.c,1191 :: 		
0x01DF	0x2A16      	GOTO       C3232SX4
;__Lib_Math.c,1193 :: 		
C3232SOK:
;__Lib_Math.c,1194 :: 		
0x01E0	0x1FDD      	BTFSS      R13, 7
;__Lib_Math.c,1195 :: 		
0x01E1	0x2A3D      	GOTO       END_ALL
;__Lib_Math.c,1197 :: 		
0x01E2	0x09D0      	COMF       R0, 1
;__Lib_Math.c,1198 :: 		
0x01E3	0x09D1      	COMF       R1, 1
;__Lib_Math.c,1199 :: 		
0x01E4	0x09D2      	COMF       R2, 1
;__Lib_Math.c,1200 :: 		
0x01E5	0x09D3      	COMF       R3, 1
;__Lib_Math.c,1201 :: 		
0x01E6	0x0AD0      	INCF       R0, 1
;__Lib_Math.c,1202 :: 		
0x01E7	0x1903      	BTFSC      STATUS, 2
;__Lib_Math.c,1203 :: 		
0x01E8	0x0AD1      	INCF       R1, 1
;__Lib_Math.c,1204 :: 		
0x01E9	0x1903      	BTFSC      STATUS, 2
;__Lib_Math.c,1205 :: 		
0x01EA	0x0AD2      	INCF       R2, 1
;__Lib_Math.c,1206 :: 		
0x01EB	0x1903      	BTFSC      STATUS, 2
;__Lib_Math.c,1207 :: 		
0x01EC	0x0AD3      	INCF       R3, 1
;__Lib_Math.c,1209 :: 		
0x01ED	0x09D8      	COMF       R8, 1
;__Lib_Math.c,1210 :: 		
0x01EE	0x09D9      	COMF       R9, 1
;__Lib_Math.c,1211 :: 		
0x01EF	0x09DA      	COMF       R10, 1
;__Lib_Math.c,1212 :: 		
0x01F0	0x09DB      	COMF       R11, 1
;__Lib_Math.c,1213 :: 		
0x01F1	0x0AD8      	INCF       R8, 1
;__Lib_Math.c,1214 :: 		
0x01F2	0x1903      	BTFSC      STATUS, 2
;__Lib_Math.c,1215 :: 		
0x01F3	0x0AD9      	INCF       R9, 1
;__Lib_Math.c,1216 :: 		
0x01F4	0x1903      	BTFSC      STATUS, 2
;__Lib_Math.c,1217 :: 		
0x01F5	0x0ADA      	INCF       R10, 1
;__Lib_Math.c,1218 :: 		
0x01F6	0x1903      	BTFSC      STATUS, 2
;__Lib_Math.c,1219 :: 		
0x01F7	0x0ADB      	INCF       R11, 1
;__Lib_Math.c,1221 :: 		
0x01F8	0x2A3D      	GOTO       END_ALL
;__Lib_Math.c,1223 :: 		
C3232SX1:
;__Lib_Math.c,1224 :: 		
0x01F9	0x1FD7      	BTFSS      R7, 7
;__Lib_Math.c,1225 :: 		
0x01FA	0x2A10      	GOTO       C3232SX3
;__Lib_Math.c,1226 :: 		
0x01FB	0x1BD3      	BTFSC      R3, 7
;__Lib_Math.c,1227 :: 		
0x01FC	0x2A0A      	GOTO       C3232SX2
;__Lib_Math.c,1228 :: 		
0x01FD	0x0853      	MOVF       R3, 0
;__Lib_Math.c,1229 :: 		
0x01FE	0x00DB      	MOVWF      R11
;__Lib_Math.c,1230 :: 		
0x01FF	0x0852      	MOVF       R2, 0
;__Lib_Math.c,1231 :: 		
0x0200	0x00DA      	MOVWF      R10
;__Lib_Math.c,1232 :: 		
0x0201	0x0851      	MOVF       R1, 0
;__Lib_Math.c,1233 :: 		
0x0202	0x00D9      	MOVWF      R9
;__Lib_Math.c,1234 :: 		
0x0203	0x0850      	MOVF       R0, 0
;__Lib_Math.c,1235 :: 		
0x0204	0x00D8      	MOVWF      R8
;__Lib_Math.c,1236 :: 		
0x0205	0x01D3      	CLRF       R3
;__Lib_Math.c,1237 :: 		
0x0206	0x01D2      	CLRF       R2
;__Lib_Math.c,1238 :: 		
0x0207	0x01D1      	CLRF       R1
;__Lib_Math.c,1239 :: 		
0x0208	0x01D0      	CLRF       R0
;__Lib_Math.c,1240 :: 		
0x0209	0x29E0      	GOTO       C3232SOK
;__Lib_Math.c,1241 :: 		
C3232SX2:
;__Lib_Math.c,1242 :: 		
0x020A	0x01D3      	CLRF       R3
;__Lib_Math.c,1243 :: 		
0x020B	0x01D2      	CLRF       R2
;__Lib_Math.c,1244 :: 		
0x020C	0x01D1      	CLRF       R1
;__Lib_Math.c,1245 :: 		
0x020D	0x01D0      	CLRF       R0
;__Lib_Math.c,1246 :: 		
0x020E	0x0AD0      	INCF       R0, 1
;__Lib_Math.c,1247 :: 		
0x020F	0x3400      	RETLW      0
;__Lib_Math.c,1249 :: 		
C3232SX3:
;__Lib_Math.c,1250 :: 		
0x0210	0x09D3      	COMF       R3, 1
;__Lib_Math.c,1251 :: 		
0x0211	0x09D2      	COMF       R2, 1
;__Lib_Math.c,1252 :: 		
0x0212	0x09D1      	COMF       R1, 1
;__Lib_Math.c,1253 :: 		
0x0213	0x09D0      	COMF       R0, 1
;__Lib_Math.c,1255 :: 		
0x0214	0x17DC      	BSF        R12, 7
;__Lib_Math.c,1257 :: 		
0x0215	0x29DD      	GOTO       C3232S
;__Lib_Math.c,1259 :: 		
C3232SX4:
;__Lib_Math.c,1260 :: 		
0x0216	0x0AD8      	INCF       R8, 1
;__Lib_Math.c,1261 :: 		
0x0217	0x1903      	BTFSC      STATUS, 2
;__Lib_Math.c,1262 :: 		
0x0218	0x0AD9      	INCF       R9, 1
;__Lib_Math.c,1263 :: 		
0x0219	0x1903      	BTFSC      STATUS, 2
;__Lib_Math.c,1264 :: 		
0x021A	0x0ADA      	INCF       R10, 1
;__Lib_Math.c,1265 :: 		
0x021B	0x1903      	BTFSC      STATUS, 2
;__Lib_Math.c,1266 :: 		
0x021C	0x0ADB      	INCF       R11, 1
;__Lib_Math.c,1267 :: 		
0x021D	0x0854      	MOVF       R4, 0
;__Lib_Math.c,1268 :: 		
0x021E	0x0258      	SUBWF      R8, 0
;__Lib_Math.c,1269 :: 		
0x021F	0x1D03      	BTFSS      STATUS, 2
;__Lib_Math.c,1270 :: 		
0x0220	0x29E0      	GOTO       C3232SOK
;__Lib_Math.c,1271 :: 		
0x0221	0x0855      	MOVF       R5, 0
;__Lib_Math.c,1272 :: 		
0x0222	0x0259      	SUBWF      R9, 0
;__Lib_Math.c,1273 :: 		
0x0223	0x1D03      	BTFSS      STATUS, 2
;__Lib_Math.c,1274 :: 		
0x0224	0x29E0      	GOTO       C3232SOK
;__Lib_Math.c,1275 :: 		
0x0225	0x0856      	MOVF       R6, 0
;__Lib_Math.c,1276 :: 		
0x0226	0x025A      	SUBWF      R10, 0
;__Lib_Math.c,1277 :: 		
0x0227	0x1D03      	BTFSS      STATUS, 2
;__Lib_Math.c,1278 :: 		
0x0228	0x29E0      	GOTO       C3232SOK
;__Lib_Math.c,1279 :: 		
0x0229	0x0857      	MOVF       R7, 0
;__Lib_Math.c,1280 :: 		
0x022A	0x025B      	SUBWF      R11, 0
;__Lib_Math.c,1281 :: 		
0x022B	0x1D03      	BTFSS      STATUS, 2
;__Lib_Math.c,1282 :: 		
0x022C	0x29E0      	GOTO       C3232SOK
;__Lib_Math.c,1283 :: 		
0x022D	0x01DB      	CLRF       R11
;__Lib_Math.c,1284 :: 		
0x022E	0x01DA      	CLRF       R10
;__Lib_Math.c,1285 :: 		
0x022F	0x01D9      	CLRF       R9
;__Lib_Math.c,1286 :: 		
0x0230	0x01D8      	CLRF       R8
;__Lib_Math.c,1287 :: 		
0x0231	0x0AD0      	INCF       R0, 1
;__Lib_Math.c,1288 :: 		
0x0232	0x1903      	BTFSC      STATUS, 2
;__Lib_Math.c,1289 :: 		
0x0233	0x0AD1      	INCF       R1, 1
;__Lib_Math.c,1290 :: 		
0x0234	0x1903      	BTFSC      STATUS, 2
;__Lib_Math.c,1291 :: 		
0x0235	0x0AD2      	INCF       R2, 1
;__Lib_Math.c,1292 :: 		
0x0236	0x1903      	BTFSC      STATUS, 2
;__Lib_Math.c,1293 :: 		
0x0237	0x0AD3      	INCF       R3, 1
;__Lib_Math.c,1294 :: 		
0x0238	0x1FD3      	BTFSS      R3, 7
;__Lib_Math.c,1295 :: 		
0x0239	0x29E0      	GOTO       C3232SOK
;__Lib_Math.c,1296 :: 		
0x023A	0x01A0      	CLRF       ___math_tempb
;__Lib_Math.c,1297 :: 		
0x023B	0x1620      	BSF        ___math_tempb, 4
;__Lib_Math.c,1298 :: 		
0x023C	0x34FF      	RETLW      255
;__Lib_Math.c,1299 :: 		
END_ALL:
;__Lib_Math.c,1300 :: 		
0x023D	0x01A0      	CLRF       ___math_tempb
;__Lib_Math.c,1301 :: 		
0x023E	0x1C5C      	BTFSS      R12, 0
;__Lib_Math.c,1302 :: 		
0x023F	0x2A41      	GOTO       avoid_comfrem
;__Lib_Math.c,1304 :: 		
0x0240	0x203E      	CALL       _COMFREM
;__Lib_Math.c,1306 :: 		
avoid_comfrem:
;__Lib_Math.c,1307 :: 		
0x0241	0x3E00      	ADDLW      0
;__Lib_Math.c,1309 :: 		
L_end_Div_32x32_S:
0x0242	0x0008      	RETURN
; end of _Div_32x32_S
_____DoICP:
;__Lib_System.c,6 :: 		
;__Lib_System.c,9 :: 		
0x0243	0x1283      	BCF        STATUS, 5
0x0244	0x083B      	MOVF       ___DoICPAddr+1, 0
0x0245	0x008A      	MOVWF      PCLATH
;__Lib_System.c,10 :: 		
0x0246	0x083A      	MOVF       ___DoICPAddr, 0
0x0247	0x0082      	MOVWF      PCL
;__Lib_System.c,12 :: 		
L_end_____DoICP:
0x0248	0x0008      	RETURN
; end of _____DoICP
_optionA:
;Ultrassonic_System.c,148 :: 		void optionA(unsigned char cm1, unsigned char cm2, unsigned char cm3)
;Ultrassonic_System.c,150 :: 		if(pulseL < (cm1*58) && pulseL >= (cm2*58)) //distância menor que cm1 e maior igual a cm2?
0x0249	0x1283      	BCF        STATUS, 5
0x024A	0x083E      	MOVF       FARG_optionA_cm1, 0
0x024B	0x00D0      	MOVWF      R0
0x024C	0x303A      	MOVLW      58
0x024D	0x00D4      	MOVWF      R4
0x024E	0x2176      	CALL       _Mul_8X8_U
0x024F	0x0851      	MOVF       R0+1, 0
0x0250	0x0223      	SUBWF      _pulseL+1, 0
0x0251	0x1D03      	BTFSS      STATUS, 2
0x0252	0x2A55      	GOTO       L__optionA62
0x0253	0x0850      	MOVF       R0, 0
0x0254	0x0222      	SUBWF      _pulseL, 0
L__optionA62:
0x0255	0x1803      	BTFSC      STATUS, 0
0x0256	0x2A68      	GOTO       L_optionA10
0x0257	0x083F      	MOVF       FARG_optionA_cm2, 0
0x0258	0x00D0      	MOVWF      R0
0x0259	0x303A      	MOVLW      58
0x025A	0x00D4      	MOVWF      R4
0x025B	0x2176      	CALL       _Mul_8X8_U
0x025C	0x0851      	MOVF       R0+1, 0
0x025D	0x0223      	SUBWF      _pulseL+1, 0
0x025E	0x1D03      	BTFSS      STATUS, 2
0x025F	0x2A62      	GOTO       L__optionA63
0x0260	0x0850      	MOVF       R0, 0
0x0261	0x0222      	SUBWF      _pulseL, 0
L__optionA63:
0x0262	0x1C03      	BTFSS      STATUS, 0
0x0263	0x2A68      	GOTO       L_optionA10
L__optionA51:
;Ultrassonic_System.c,152 :: 		dist1 = 0x01;                            //dist1 em HIGH
0x0264	0x1685      	BSF        GP5_bit, BitPos(GP5_bit+0)
;Ultrassonic_System.c,153 :: 		dist2 = 0x00;                            //dist2 em  LOW
0x0265	0x1205      	BCF        GP4_bit, BitPos(GP4_bit+0)
;Ultrassonic_System.c,154 :: 		dist3 = 0x00;                            //dist3 em  LOW
0x0266	0x1005      	BCF        GP0_bit, BitPos(GP0_bit+0)
;Ultrassonic_System.c,156 :: 		} //end pulseL 1160
0x0267	0x2A9A      	GOTO       L_optionA11
L_optionA10:
;Ultrassonic_System.c,158 :: 		else if(pulseL < (cm2*58) && pulseL >= (cm3*58))  //distância menor que cm2 e maior igual a cm2=3?
0x0268	0x083F      	MOVF       FARG_optionA_cm2, 0
0x0269	0x00D0      	MOVWF      R0
0x026A	0x303A      	MOVLW      58
0x026B	0x00D4      	MOVWF      R4
0x026C	0x2176      	CALL       _Mul_8X8_U
0x026D	0x0851      	MOVF       R0+1, 0
0x026E	0x0223      	SUBWF      _pulseL+1, 0
0x026F	0x1D03      	BTFSS      STATUS, 2
0x0270	0x2A73      	GOTO       L__optionA64
0x0271	0x0850      	MOVF       R0, 0
0x0272	0x0222      	SUBWF      _pulseL, 0
L__optionA64:
0x0273	0x1803      	BTFSC      STATUS, 0
0x0274	0x2A86      	GOTO       L_optionA14
0x0275	0x0840      	MOVF       FARG_optionA_cm3, 0
0x0276	0x00D0      	MOVWF      R0
0x0277	0x303A      	MOVLW      58
0x0278	0x00D4      	MOVWF      R4
0x0279	0x2176      	CALL       _Mul_8X8_U
0x027A	0x0851      	MOVF       R0+1, 0
0x027B	0x0223      	SUBWF      _pulseL+1, 0
0x027C	0x1D03      	BTFSS      STATUS, 2
0x027D	0x2A80      	GOTO       L__optionA65
0x027E	0x0850      	MOVF       R0, 0
0x027F	0x0222      	SUBWF      _pulseL, 0
L__optionA65:
0x0280	0x1C03      	BTFSS      STATUS, 0
0x0281	0x2A86      	GOTO       L_optionA14
L__optionA50:
;Ultrassonic_System.c,160 :: 		dist1 = 0x01;                            //dist1 em HIGH
0x0282	0x1685      	BSF        GP5_bit, BitPos(GP5_bit+0)
;Ultrassonic_System.c,161 :: 		dist2 = 0x01;                            //dist2 em HIGH
0x0283	0x1605      	BSF        GP4_bit, BitPos(GP4_bit+0)
;Ultrassonic_System.c,162 :: 		dist3 = 0x00;                            //dist3 em  LOW
0x0284	0x1005      	BCF        GP0_bit, BitPos(GP0_bit+0)
;Ultrassonic_System.c,164 :: 		} //end pulseL 870
0x0285	0x2A9A      	GOTO       L_optionA15
L_optionA14:
;Ultrassonic_System.c,166 :: 		else if(pulseL < (cm3*58))                  //distância menor que cm3?
0x0286	0x0840      	MOVF       FARG_optionA_cm3, 0
0x0287	0x00D0      	MOVWF      R0
0x0288	0x303A      	MOVLW      58
0x0289	0x00D4      	MOVWF      R4
0x028A	0x2176      	CALL       _Mul_8X8_U
0x028B	0x0851      	MOVF       R0+1, 0
0x028C	0x0223      	SUBWF      _pulseL+1, 0
0x028D	0x1D03      	BTFSS      STATUS, 2
0x028E	0x2A91      	GOTO       L__optionA66
0x028F	0x0850      	MOVF       R0, 0
0x0290	0x0222      	SUBWF      _pulseL, 0
L__optionA66:
0x0291	0x1803      	BTFSC      STATUS, 0
0x0292	0x2A97      	GOTO       L_optionA16
;Ultrassonic_System.c,168 :: 		dist1 = 0x01;                            //dist1 em HIGH
0x0293	0x1685      	BSF        GP5_bit, BitPos(GP5_bit+0)
;Ultrassonic_System.c,169 :: 		dist2 = 0x01;                            //dist2 em HIGH
0x0294	0x1605      	BSF        GP4_bit, BitPos(GP4_bit+0)
;Ultrassonic_System.c,170 :: 		dist3 = 0x01;                            //dist3 em HIGH
0x0295	0x1405      	BSF        GP0_bit, BitPos(GP0_bit+0)
;Ultrassonic_System.c,172 :: 		} //end pulseL 580
0x0296	0x2A9A      	GOTO       L_optionA17
L_optionA16:
;Ultrassonic_System.c,176 :: 		dist1 = 0x00;                            //dist1 em  LOW
0x0297	0x1285      	BCF        GP5_bit, BitPos(GP5_bit+0)
;Ultrassonic_System.c,177 :: 		dist2 = 0x00;                            //dist2 em  LOW
0x0298	0x1205      	BCF        GP4_bit, BitPos(GP4_bit+0)
;Ultrassonic_System.c,178 :: 		dist3 = 0x00;                            //dist3 em  LOW
0x0299	0x1005      	BCF        GP0_bit, BitPos(GP0_bit+0)
;Ultrassonic_System.c,180 :: 		} //end else
L_optionA17:
L_optionA15:
L_optionA11:
;Ultrassonic_System.c,182 :: 		} //end optionA
L_end_optionA:
0x029A	0x0008      	RETURN
; end of _optionA
_moving_average:
;Ultrassonic_System.c,254 :: 		long moving_average(unsigned pulseIn)          //retorna a média móvel de acordo com a resolução designada
;Ultrassonic_System.c,257 :: 		long adder = 0;                             //variável para somatório
0x029B	0x1283      	BCF        STATUS, 5
0x029C	0x01C2      	CLRF       moving_average_adder_L0
0x029D	0x01C3      	CLRF       moving_average_adder_L0+1
0x029E	0x01C4      	CLRF       moving_average_adder_L0+2
0x029F	0x01C5      	CLRF       moving_average_adder_L0+3
;Ultrassonic_System.c,259 :: 		for(i = N; i > 0; i--)                      //desloca todo vetor descartando o elemento mais antigo
0x02A0	0x300A      	MOVLW      10
0x02A1	0x00C0      	MOVWF      moving_average_i_L0
0x02A2	0x3000      	MOVLW      0
0x02A3	0x00C1      	MOVWF      moving_average_i_L0+1
L_moving_average44:
0x02A4	0x3080      	MOVLW      128
0x02A5	0x00D0      	MOVWF      R0
0x02A6	0x3080      	MOVLW      128
0x02A7	0x0641      	XORWF      moving_average_i_L0+1, 0
0x02A8	0x0250      	SUBWF      R0, 0
0x02A9	0x1D03      	BTFSS      STATUS, 2
0x02AA	0x2AAD      	GOTO       L__moving_average82
0x02AB	0x0840      	MOVF       moving_average_i_L0, 0
0x02AC	0x3C00      	SUBLW      0
L__moving_average82:
0x02AD	0x1803      	BTFSC      STATUS, 0
0x02AE	0x2ADC      	GOTO       L_moving_average45
;Ultrassonic_System.c,260 :: 		values[i] = values[i-1];
0x02AF	0x0840      	MOVF       moving_average_i_L0, 0
0x02B0	0x00D0      	MOVWF      R0
0x02B1	0x0841      	MOVF       moving_average_i_L0+1, 0
0x02B2	0x00D1      	MOVWF      R0+1
0x02B3	0x0DD0      	RLF        R0, 1
0x02B4	0x0DD1      	RLF        R0+1, 1
0x02B5	0x1050      	BCF        R0, 0
0x02B6	0x0850      	MOVF       R0, 0
0x02B7	0x3E26      	ADDLW      _values
0x02B8	0x00D5      	MOVWF      R5
0x02B9	0x3001      	MOVLW      1
0x02BA	0x0240      	SUBWF      moving_average_i_L0, 0
0x02BB	0x00D3      	MOVWF      R3
0x02BC	0x3000      	MOVLW      0
0x02BD	0x1C03      	BTFSS      STATUS, 0
0x02BE	0x3E01      	ADDLW      1
0x02BF	0x0241      	SUBWF      moving_average_i_L0+1, 0
0x02C0	0x00D4      	MOVWF      R3+1
0x02C1	0x0853      	MOVF       R3, 0
0x02C2	0x00D0      	MOVWF      R0
0x02C3	0x0854      	MOVF       R3+1, 0
0x02C4	0x00D1      	MOVWF      R0+1
0x02C5	0x0DD0      	RLF        R0, 1
0x02C6	0x0DD1      	RLF        R0+1, 1
0x02C7	0x1050      	BCF        R0, 0
0x02C8	0x0850      	MOVF       R0, 0
0x02C9	0x3E26      	ADDLW      _values
0x02CA	0x0084      	MOVWF      FSR
0x02CB	0x0800      	MOVF       INDF, 0
0x02CC	0x00D0      	MOVWF      R0
0x02CD	0x0A84      	INCF       FSR, 1
0x02CE	0x0800      	MOVF       INDF, 0
0x02CF	0x00D1      	MOVWF      R0+1
0x02D0	0x0855      	MOVF       R5, 0
0x02D1	0x0084      	MOVWF      FSR
0x02D2	0x0850      	MOVF       R0, 0
0x02D3	0x0080      	MOVWF      INDF
0x02D4	0x0851      	MOVF       R0+1, 0
0x02D5	0x0A84      	INCF       FSR, 1
0x02D6	0x0080      	MOVWF      INDF
;Ultrassonic_System.c,259 :: 		for(i = N; i > 0; i--)                      //desloca todo vetor descartando o elemento mais antigo
0x02D7	0x3001      	MOVLW      1
0x02D8	0x02C0      	SUBWF      moving_average_i_L0, 1
0x02D9	0x1C03      	BTFSS      STATUS, 0
0x02DA	0x03C1      	DECF       moving_average_i_L0+1, 1
;Ultrassonic_System.c,260 :: 		values[i] = values[i-1];
0x02DB	0x2AA4      	GOTO       L_moving_average44
L_moving_average45:
;Ultrassonic_System.c,262 :: 		values[0] = pulseIn;                        //o primeiro elemento do vetor recebe o valor do pulso
0x02DC	0x083E      	MOVF       FARG_moving_average_pulseIn, 0
0x02DD	0x00A6      	MOVWF      _values
0x02DE	0x083F      	MOVF       FARG_moving_average_pulseIn+1, 0
0x02DF	0x00A7      	MOVWF      _values+1
;Ultrassonic_System.c,264 :: 		for(i = 0; i < N; i++)                      //faz a somatória
0x02E0	0x01C0      	CLRF       moving_average_i_L0
0x02E1	0x01C1      	CLRF       moving_average_i_L0+1
L_moving_average47:
0x02E2	0x3080      	MOVLW      128
0x02E3	0x0641      	XORWF      moving_average_i_L0+1, 0
0x02E4	0x00D0      	MOVWF      R0
0x02E5	0x3080      	MOVLW      128
0x02E6	0x0250      	SUBWF      R0, 0
0x02E7	0x1D03      	BTFSS      STATUS, 2
0x02E8	0x2AEB      	GOTO       L__moving_average83
0x02E9	0x300A      	MOVLW      10
0x02EA	0x0240      	SUBWF      moving_average_i_L0, 0
L__moving_average83:
0x02EB	0x1803      	BTFSC      STATUS, 0
0x02EC	0x2B18      	GOTO       L_moving_average48
;Ultrassonic_System.c,265 :: 		adder = adder + values[i];
0x02ED	0x0840      	MOVF       moving_average_i_L0, 0
0x02EE	0x00D0      	MOVWF      R0
0x02EF	0x0841      	MOVF       moving_average_i_L0+1, 0
0x02F0	0x00D1      	MOVWF      R0+1
0x02F1	0x0DD0      	RLF        R0, 1
0x02F2	0x0DD1      	RLF        R0+1, 1
0x02F3	0x1050      	BCF        R0, 0
0x02F4	0x0850      	MOVF       R0, 0
0x02F5	0x3E26      	ADDLW      _values
0x02F6	0x0084      	MOVWF      FSR
0x02F7	0x0800      	MOVF       INDF, 0
0x02F8	0x00D0      	MOVWF      R0
0x02F9	0x0A84      	INCF       FSR, 1
0x02FA	0x0800      	MOVF       INDF, 0
0x02FB	0x00D1      	MOVWF      R0+1
0x02FC	0x01D2      	CLRF       R0+2
0x02FD	0x01D3      	CLRF       R0+3
0x02FE	0x0842      	MOVF       moving_average_adder_L0, 0
0x02FF	0x07D0      	ADDWF      R0, 1
0x0300	0x0843      	MOVF       moving_average_adder_L0+1, 0
0x0301	0x1803      	BTFSC      STATUS, 0
0x0302	0x0F43      	INCFSZ     moving_average_adder_L0+1, 0
0x0303	0x07D1      	ADDWF      R0+1, 1
0x0304	0x0844      	MOVF       moving_average_adder_L0+2, 0
0x0305	0x1803      	BTFSC      STATUS, 0
0x0306	0x0F44      	INCFSZ     moving_average_adder_L0+2, 0
0x0307	0x07D2      	ADDWF      R0+2, 1
0x0308	0x0845      	MOVF       moving_average_adder_L0+3, 0
0x0309	0x1803      	BTFSC      STATUS, 0
0x030A	0x0F45      	INCFSZ     moving_average_adder_L0+3, 0
0x030B	0x07D3      	ADDWF      R0+3, 1
0x030C	0x0850      	MOVF       R0, 0
0x030D	0x00C2      	MOVWF      moving_average_adder_L0
0x030E	0x0851      	MOVF       R0+1, 0
0x030F	0x00C3      	MOVWF      moving_average_adder_L0+1
0x0310	0x0852      	MOVF       R0+2, 0
0x0311	0x00C4      	MOVWF      moving_average_adder_L0+2
0x0312	0x0853      	MOVF       R0+3, 0
0x0313	0x00C5      	MOVWF      moving_average_adder_L0+3
;Ultrassonic_System.c,264 :: 		for(i = 0; i < N; i++)                      //faz a somatória
0x0314	0x0AC0      	INCF       moving_average_i_L0, 1
0x0315	0x1903      	BTFSC      STATUS, 2
0x0316	0x0AC1      	INCF       moving_average_i_L0+1, 1
;Ultrassonic_System.c,265 :: 		adder = adder + values[i];
0x0317	0x2AE2      	GOTO       L_moving_average47
L_moving_average48:
;Ultrassonic_System.c,267 :: 		return adder / N;                           //retorna a média
0x0318	0x300A      	MOVLW      10
0x0319	0x00D4      	MOVWF      R4
0x031A	0x01D5      	CLRF       R4+1
0x031B	0x01D6      	CLRF       R4+2
0x031C	0x01D7      	CLRF       R4+3
0x031D	0x0842      	MOVF       moving_average_adder_L0, 0
0x031E	0x00D0      	MOVWF      R0
0x031F	0x0843      	MOVF       moving_average_adder_L0+1, 0
0x0320	0x00D1      	MOVWF      R0+1
0x0321	0x0844      	MOVF       moving_average_adder_L0+2, 0
0x0322	0x00D2      	MOVWF      R0+2
0x0323	0x0845      	MOVF       moving_average_adder_L0+3, 0
0x0324	0x00D3      	MOVWF      R0+3
0x0325	0x218F      	CALL       _Div_32x32_S
;Ultrassonic_System.c,269 :: 		} //end moving_average
L_end_moving_average:
0x0326	0x0008      	RETURN
; end of _moving_average
_optionB:
;Ultrassonic_System.c,185 :: 		void optionB()
;Ultrassonic_System.c,187 :: 		if(pulseL < 2320 && pulseL >= 2030)         //distância menor que 40cm? (2320/58)
0x0327	0x3009      	MOVLW      9
0x0328	0x1283      	BCF        STATUS, 5
0x0329	0x0223      	SUBWF      _pulseL+1, 0
0x032A	0x1D03      	BTFSS      STATUS, 2
0x032B	0x2B2E      	GOTO       L__optionB68
0x032C	0x3010      	MOVLW      16
0x032D	0x0222      	SUBWF      _pulseL, 0
L__optionB68:
0x032E	0x1803      	BTFSC      STATUS, 0
0x032F	0x2B3C      	GOTO       L_optionB20
0x0330	0x3007      	MOVLW      7
0x0331	0x0223      	SUBWF      _pulseL+1, 0
0x0332	0x1D03      	BTFSS      STATUS, 2
0x0333	0x2B36      	GOTO       L__optionB69
0x0334	0x30EE      	MOVLW      238
0x0335	0x0222      	SUBWF      _pulseL, 0
L__optionB69:
0x0336	0x1C03      	BTFSS      STATUS, 0
0x0337	0x2B3C      	GOTO       L_optionB20
L__optionB57:
;Ultrassonic_System.c,189 :: 		dist1 = 0x00;                            //dist1 em  LOW
0x0338	0x1285      	BCF        GP5_bit, BitPos(GP5_bit+0)
;Ultrassonic_System.c,190 :: 		dist2 = 0x00;                            //dist2 em  LOW
0x0339	0x1205      	BCF        GP4_bit, BitPos(GP4_bit+0)
;Ultrassonic_System.c,191 :: 		dist3 = 0x01;                            //dist3 em HIGH
0x033A	0x1405      	BSF        GP0_bit, BitPos(GP0_bit+0)
;Ultrassonic_System.c,193 :: 		} //end pulseL 2320
0x033B	0x2BAF      	GOTO       L_optionB21
L_optionB20:
;Ultrassonic_System.c,195 :: 		else if(pulseL < 2030 && pulseL >= 1740)    //distância menor que 35cm? (2030/58)
0x033C	0x3007      	MOVLW      7
0x033D	0x0223      	SUBWF      _pulseL+1, 0
0x033E	0x1D03      	BTFSS      STATUS, 2
0x033F	0x2B42      	GOTO       L__optionB70
0x0340	0x30EE      	MOVLW      238
0x0341	0x0222      	SUBWF      _pulseL, 0
L__optionB70:
0x0342	0x1803      	BTFSC      STATUS, 0
0x0343	0x2B50      	GOTO       L_optionB24
0x0344	0x3006      	MOVLW      6
0x0345	0x0223      	SUBWF      _pulseL+1, 0
0x0346	0x1D03      	BTFSS      STATUS, 2
0x0347	0x2B4A      	GOTO       L__optionB71
0x0348	0x30CC      	MOVLW      204
0x0349	0x0222      	SUBWF      _pulseL, 0
L__optionB71:
0x034A	0x1C03      	BTFSS      STATUS, 0
0x034B	0x2B50      	GOTO       L_optionB24
L__optionB56:
;Ultrassonic_System.c,197 :: 		dist1 = 0x00;                            //dist1 em  LOW
0x034C	0x1285      	BCF        GP5_bit, BitPos(GP5_bit+0)
;Ultrassonic_System.c,198 :: 		dist2 = 0x01;                            //dist2 em HIGH
0x034D	0x1605      	BSF        GP4_bit, BitPos(GP4_bit+0)
;Ultrassonic_System.c,199 :: 		dist3 = 0x00;                            //dist3 em  LOW
0x034E	0x1005      	BCF        GP0_bit, BitPos(GP0_bit+0)
;Ultrassonic_System.c,201 :: 		} //end pulseL 2030
0x034F	0x2BAF      	GOTO       L_optionB25
L_optionB24:
;Ultrassonic_System.c,203 :: 		else if(pulseL < 1740 && pulseL >= 1450)    //distância menor que 30cm? (1740/58)
0x0350	0x3006      	MOVLW      6
0x0351	0x0223      	SUBWF      _pulseL+1, 0
0x0352	0x1D03      	BTFSS      STATUS, 2
0x0353	0x2B56      	GOTO       L__optionB72
0x0354	0x30CC      	MOVLW      204
0x0355	0x0222      	SUBWF      _pulseL, 0
L__optionB72:
0x0356	0x1803      	BTFSC      STATUS, 0
0x0357	0x2B64      	GOTO       L_optionB28
0x0358	0x3005      	MOVLW      5
0x0359	0x0223      	SUBWF      _pulseL+1, 0
0x035A	0x1D03      	BTFSS      STATUS, 2
0x035B	0x2B5E      	GOTO       L__optionB73
0x035C	0x30AA      	MOVLW      170
0x035D	0x0222      	SUBWF      _pulseL, 0
L__optionB73:
0x035E	0x1C03      	BTFSS      STATUS, 0
0x035F	0x2B64      	GOTO       L_optionB28
L__optionB55:
;Ultrassonic_System.c,205 :: 		dist1 = 0x00;                            //dist1 em  LOW
0x0360	0x1285      	BCF        GP5_bit, BitPos(GP5_bit+0)
;Ultrassonic_System.c,206 :: 		dist2 = 0x01;                            //dist2 em HIGH
0x0361	0x1605      	BSF        GP4_bit, BitPos(GP4_bit+0)
;Ultrassonic_System.c,207 :: 		dist3 = 0x01;                            //dist3 em HIGH
0x0362	0x1405      	BSF        GP0_bit, BitPos(GP0_bit+0)
;Ultrassonic_System.c,209 :: 		} //end pulseL 1740
0x0363	0x2BAF      	GOTO       L_optionB29
L_optionB28:
;Ultrassonic_System.c,211 :: 		else if(pulseL < 1450 && pulseL >= 1160)    //distância menor que 25cm? (1450/58)
0x0364	0x3005      	MOVLW      5
0x0365	0x0223      	SUBWF      _pulseL+1, 0
0x0366	0x1D03      	BTFSS      STATUS, 2
0x0367	0x2B6A      	GOTO       L__optionB74
0x0368	0x30AA      	MOVLW      170
0x0369	0x0222      	SUBWF      _pulseL, 0
L__optionB74:
0x036A	0x1803      	BTFSC      STATUS, 0
0x036B	0x2B78      	GOTO       L_optionB32
0x036C	0x3004      	MOVLW      4
0x036D	0x0223      	SUBWF      _pulseL+1, 0
0x036E	0x1D03      	BTFSS      STATUS, 2
0x036F	0x2B72      	GOTO       L__optionB75
0x0370	0x3088      	MOVLW      136
0x0371	0x0222      	SUBWF      _pulseL, 0
L__optionB75:
0x0372	0x1C03      	BTFSS      STATUS, 0
0x0373	0x2B78      	GOTO       L_optionB32
L__optionB54:
;Ultrassonic_System.c,213 :: 		dist1 = 0x01;                            //dist1 em HIGH
0x0374	0x1685      	BSF        GP5_bit, BitPos(GP5_bit+0)
;Ultrassonic_System.c,214 :: 		dist2 = 0x00;                            //dist2 em  LOW
0x0375	0x1205      	BCF        GP4_bit, BitPos(GP4_bit+0)
;Ultrassonic_System.c,215 :: 		dist3 = 0x00;                            //dist3 em  LOW
0x0376	0x1005      	BCF        GP0_bit, BitPos(GP0_bit+0)
;Ultrassonic_System.c,217 :: 		} //end pulseL 1450
0x0377	0x2BAF      	GOTO       L_optionB33
L_optionB32:
;Ultrassonic_System.c,219 :: 		else if(pulseL < 1160 && pulseL >= 870)     //distância menor que 20cm? (1160/58)
0x0378	0x3004      	MOVLW      4
0x0379	0x0223      	SUBWF      _pulseL+1, 0
0x037A	0x1D03      	BTFSS      STATUS, 2
0x037B	0x2B7E      	GOTO       L__optionB76
0x037C	0x3088      	MOVLW      136
0x037D	0x0222      	SUBWF      _pulseL, 0
L__optionB76:
0x037E	0x1803      	BTFSC      STATUS, 0
0x037F	0x2B8C      	GOTO       L_optionB36
0x0380	0x3003      	MOVLW      3
0x0381	0x0223      	SUBWF      _pulseL+1, 0
0x0382	0x1D03      	BTFSS      STATUS, 2
0x0383	0x2B86      	GOTO       L__optionB77
0x0384	0x3066      	MOVLW      102
0x0385	0x0222      	SUBWF      _pulseL, 0
L__optionB77:
0x0386	0x1C03      	BTFSS      STATUS, 0
0x0387	0x2B8C      	GOTO       L_optionB36
L__optionB53:
;Ultrassonic_System.c,221 :: 		dist1 = 0x01;                            //dist1 em HIGH
0x0388	0x1685      	BSF        GP5_bit, BitPos(GP5_bit+0)
;Ultrassonic_System.c,222 :: 		dist2 = 0x00;                            //dist2 em  LOW
0x0389	0x1205      	BCF        GP4_bit, BitPos(GP4_bit+0)
;Ultrassonic_System.c,223 :: 		dist3 = 0x01;                            //dist3 em HIGH
0x038A	0x1405      	BSF        GP0_bit, BitPos(GP0_bit+0)
;Ultrassonic_System.c,225 :: 		} //end pulseL 1160
0x038B	0x2BAF      	GOTO       L_optionB37
L_optionB36:
;Ultrassonic_System.c,227 :: 		else if(pulseL < 870 && pulseL >= 580)      //distância menor que 15cm? (870/58)
0x038C	0x3003      	MOVLW      3
0x038D	0x0223      	SUBWF      _pulseL+1, 0
0x038E	0x1D03      	BTFSS      STATUS, 2
0x038F	0x2B92      	GOTO       L__optionB78
0x0390	0x3066      	MOVLW      102
0x0391	0x0222      	SUBWF      _pulseL, 0
L__optionB78:
0x0392	0x1803      	BTFSC      STATUS, 0
0x0393	0x2BA0      	GOTO       L_optionB40
0x0394	0x3002      	MOVLW      2
0x0395	0x0223      	SUBWF      _pulseL+1, 0
0x0396	0x1D03      	BTFSS      STATUS, 2
0x0397	0x2B9A      	GOTO       L__optionB79
0x0398	0x3044      	MOVLW      68
0x0399	0x0222      	SUBWF      _pulseL, 0
L__optionB79:
0x039A	0x1C03      	BTFSS      STATUS, 0
0x039B	0x2BA0      	GOTO       L_optionB40
L__optionB52:
;Ultrassonic_System.c,229 :: 		dist1 = 0x01;                            //dist1 em HIGH
0x039C	0x1685      	BSF        GP5_bit, BitPos(GP5_bit+0)
;Ultrassonic_System.c,230 :: 		dist2 = 0x01;                            //dist2 em HIGH
0x039D	0x1605      	BSF        GP4_bit, BitPos(GP4_bit+0)
;Ultrassonic_System.c,231 :: 		dist3 = 0x00;                            //dist3 em  LOW
0x039E	0x1005      	BCF        GP0_bit, BitPos(GP0_bit+0)
;Ultrassonic_System.c,233 :: 		} //end pulseL 870
0x039F	0x2BAF      	GOTO       L_optionB41
L_optionB40:
;Ultrassonic_System.c,235 :: 		else if(pulseL < 580)                       //distância menor que 10cm? (580/58)
0x03A0	0x3002      	MOVLW      2
0x03A1	0x0223      	SUBWF      _pulseL+1, 0
0x03A2	0x1D03      	BTFSS      STATUS, 2
0x03A3	0x2BA6      	GOTO       L__optionB80
0x03A4	0x3044      	MOVLW      68
0x03A5	0x0222      	SUBWF      _pulseL, 0
L__optionB80:
0x03A6	0x1803      	BTFSC      STATUS, 0
0x03A7	0x2BAC      	GOTO       L_optionB42
;Ultrassonic_System.c,237 :: 		dist1 = 0x01;                            //dist1 em HIGH
0x03A8	0x1685      	BSF        GP5_bit, BitPos(GP5_bit+0)
;Ultrassonic_System.c,238 :: 		dist2 = 0x01;                            //dist2 em HIGH
0x03A9	0x1605      	BSF        GP4_bit, BitPos(GP4_bit+0)
;Ultrassonic_System.c,239 :: 		dist3 = 0x01;                            //dist3 em HIGH
0x03AA	0x1405      	BSF        GP0_bit, BitPos(GP0_bit+0)
;Ultrassonic_System.c,241 :: 		} //end pulseL 580
0x03AB	0x2BAF      	GOTO       L_optionB43
L_optionB42:
;Ultrassonic_System.c,245 :: 		dist1 = 0x00;                            //dist1 em  LOW
0x03AC	0x1285      	BCF        GP5_bit, BitPos(GP5_bit+0)
;Ultrassonic_System.c,246 :: 		dist2 = 0x00;                            //dist2 em  LOW
0x03AD	0x1205      	BCF        GP4_bit, BitPos(GP4_bit+0)
;Ultrassonic_System.c,247 :: 		dist3 = 0x00;                            //dist3 em  LOW
0x03AE	0x1005      	BCF        GP0_bit, BitPos(GP0_bit+0)
;Ultrassonic_System.c,249 :: 		} //end else
L_optionB43:
L_optionB41:
L_optionB37:
L_optionB33:
L_optionB29:
L_optionB25:
L_optionB21:
;Ultrassonic_System.c,251 :: 		} //end optionB
L_end_optionB:
0x03AF	0x0008      	RETURN
; end of _optionB
___CC2DW:
;__Lib_System.c,134 :: 		
;__Lib_System.c,137 :: 		
_CC2D_Loop1:
;__Lib_System.c,139 :: 		
0x03B0	0x2243      	CALL       _____DoICP
0x03B1	0x118A      	BCF        PCLATH, 3
0x03B2	0x120A      	BCF        PCLATH, 4
;__Lib_System.c,141 :: 		
0x03B3	0x0080      	MOVWF      INDF
;__Lib_System.c,142 :: 		
0x03B4	0x0A84      	INCF       FSR, 1
;__Lib_System.c,143 :: 		
0x03B5	0x0ABA      	INCF       ___DoICPAddr, 1
;__Lib_System.c,145 :: 		
0x03B6	0x1903      	BTFSC      STATUS, 2
;__Lib_System.c,146 :: 		
0x03B7	0x0ABB      	INCF       ___DoICPAddr+1, 1
;__Lib_System.c,147 :: 		
0x03B8	0x03D0      	DECF       R0, 1
;__Lib_System.c,149 :: 		
0x03B9	0x1D03      	BTFSS      STATUS, 2
;__Lib_System.c,150 :: 		
0x03BA	0x2BB0      	GOTO       _CC2D_Loop1
;__Lib_System.c,152 :: 		
L_end___CC2DW:
0x03BB	0x0008      	RETURN
; end of ___CC2DW
_main:
0x03BC	0x1283      	BCF        STATUS, 5
0x03BD	0x01A2      	CLRF       _pulseL
0x03BE	0x01A3      	CLRF       35
0x03BF	0x01A4      	CLRF       _pulseEcho
0x03C0	0x01A5      	CLRF       37
;Ultrassonic_System.c,120 :: 		void main()
;Ultrassonic_System.c,122 :: 		CMCON      = 0x07;                          //desabilita comparadores internos
0x03C1	0x3007      	MOVLW      7
0x03C2	0x0099      	MOVWF      CMCON
;Ultrassonic_System.c,123 :: 		OPTION_REG = 0xC7;                          //interrupção externa por borda de subida
0x03C3	0x30C7      	MOVLW      199
0x03C4	0x1683      	BSF        STATUS, 5
0x03C5	0x0081      	MOVWF      OPTION_REG
;Ultrassonic_System.c,125 :: 		INTCON     = 0xB0;                          //habilita interrupção global, do timer0 e externa
0x03C6	0x30B0      	MOVLW      176
0x03C7	0x008B      	MOVWF      INTCON
;Ultrassonic_System.c,126 :: 		TMR0       =   21;                          //inicializa Timer0 em 21
0x03C8	0x3015      	MOVLW      21
0x03C9	0x1283      	BCF        STATUS, 5
0x03CA	0x0081      	MOVWF      TMR0
;Ultrassonic_System.c,127 :: 		TRISIO     = 0x0C;                          //configura I/Os
0x03CB	0x300C      	MOVLW      12
0x03CC	0x1683      	BSF        STATUS, 5
0x03CD	0x0085      	MOVWF      TRISIO
;Ultrassonic_System.c,128 :: 		GPIO       = 0x0C;                          //inicializa I/Os
0x03CE	0x300C      	MOVLW      12
0x03CF	0x1283      	BCF        STATUS, 5
0x03D0	0x0085      	MOVWF      GPIO
;Ultrassonic_System.c,129 :: 		T1CON      = 0x00;                          //timer1 inicia desligado com prescaler 1:1
0x03D1	0x0190      	CLRF       T1CON
;Ultrassonic_System.c,132 :: 		while(1)                                    //loop infinito
L_main4:
;Ultrassonic_System.c,134 :: 		pulseL = moving_average(pulseEcho);      //filtra pulso de echo e armazena em pulseL
0x03D2	0x0824      	MOVF       _pulseEcho, 0
0x03D3	0x00BE      	MOVWF      FARG_moving_average_pulseIn
0x03D4	0x0825      	MOVF       _pulseEcho+1, 0
0x03D5	0x00BF      	MOVWF      FARG_moving_average_pulseIn+1
0x03D6	0x229B      	CALL       _moving_average
0x03D7	0x0850      	MOVF       R0, 0
0x03D8	0x00A2      	MOVWF      _pulseL
0x03D9	0x0851      	MOVF       R0+1, 0
0x03DA	0x00A3      	MOVWF      _pulseL+1
;Ultrassonic_System.c,136 :: 		if(option) optionA(20,15,10);            //se option em HIGH, opção de funcionamento A
0x03DB	0x1D85      	BTFSS      GP3_bit, BitPos(GP3_bit+0)
0x03DC	0x2BE5      	GOTO       L_main6
0x03DD	0x3014      	MOVLW      20
0x03DE	0x00BE      	MOVWF      FARG_optionA_cm1
0x03DF	0x300F      	MOVLW      15
0x03E0	0x00BF      	MOVWF      FARG_optionA_cm2
0x03E1	0x300A      	MOVLW      10
0x03E2	0x00C0      	MOVWF      FARG_optionA_cm3
0x03E3	0x2249      	CALL       _optionA
0x03E4	0x2BE6      	GOTO       L_main7
L_main6:
;Ultrassonic_System.c,137 :: 		else       optionB();                    //se option em  LOW, opção de funcionamento B
0x03E5	0x2327      	CALL       _optionB
L_main7:
;Ultrassonic_System.c,141 :: 		} //end while
0x03E6	0x2BD2      	GOTO       L_main4
;Ultrassonic_System.c,143 :: 		} //end main
L_end_main:
0x03E7	0x2BE7      	GOTO       $+0
; end of _main
Symbol List:
//** Routines locations **
//ADDRESS    SIZE    PROCEDURE
//----------------------------------------------
0x0004      [58]    _interrupt
0x003E      [12]    _COMFREM
0x004A     [300]    _SDIV3232L
0x0176      [25]    _Mul_8X8_U
0x018F     [180]    _Div_32x32_S
0x0243       [6]    _____DoICP
0x0249      [82]    _optionA
0x029B     [140]    _moving_average
0x0327     [137]    _optionB
0x03B0      [12]    ___CC2DW
0x03BC      [44]    _main
//** Variables locations ** 
//ADDRESS    SIZE    VARIABLE
//----------------------------------------------
0x0000       [1]    INDF
0x0001       [1]    TMR0
0x0002       [1]    PCL
0x0003       [1]    STATUS
0x0004       [1]    FSR
0x0005       [1]    GPIO
0x0005       [0]    GP0_bit
0x0005       [0]    GP5_bit
0x0005       [0]    GP3_bit
0x0005       [0]    GP4_bit
0x000A       [1]    PCLATH
0x000B       [0]    T0IF_bit
0x000B       [1]    INTCON
0x000B       [0]    INTF_bit
0x000E       [1]    TMR1L
0x000F       [1]    TMR1H
0x0010       [0]    TMR1ON_bit
0x0010       [1]    T1CON
0x0019       [1]    CMCON
0x0020       [1]    ___math_tempb
0x0022       [2]    _pulseL
0x0024       [2]    _pulseEcho
0x0026      [20]    _values
0x003A       [2]    ___DoICPAddr
0x003C       [1]    ___savePCLATH
0x003D       [1]    ___saveSTATUS
0x003E       [2]    FARG_moving_average_pulseIn
0x003E       [1]    FARG_optionA_cm1
0x003F       [1]    FARG_optionA_cm2
0x0040       [2]    moving_average_i_L0
0x0040       [1]    FARG_optionA_cm3
0x0042       [4]    moving_average_adder_L0
0x0050       [1]    R0
0x0051       [1]    R1
0x0052       [1]    R2
0x0053       [1]    R3
0x0054       [1]    R4
0x0055       [1]    R5
0x0056       [1]    R6
0x0057       [1]    R7
0x0058       [1]    R8
0x0059       [1]    R9
0x005A       [1]    R10
0x005B       [1]    R11
0x005C       [1]    R12
0x005D       [1]    R13
0x005E       [1]    R14
0x005F       [1]    R15
0x0081       [1]    OPTION_REG
0x0081       [0]    INTEDG_bit
0x0085       [1]    TRISIO
